      391832      726500           6      723141 
      391832      726500           2      723141 
      391832      726500           7      723141 
      391832      726500           3      723141 
      391832      726500           4      723141 
      391832      726500           8      723141 
      686439      722250           6      726104 
      686439      722250           2      726104 
      686439      722250           7      726104 
      686439      722250           3      726104 
      686439      722250           4      726104 
      686439      722250           8      726104 
      505173      708945           6      679014 
      505173      708945           7      679014 
      505173      708945           8      679014 
      413694      690038           8      413694 
      388638      729471           2      723059 
      388638      729471           3      723059 
      388638      729471           4      723059 
      388657      471899           6      205047 
      470861      727033           2      711176 
      470861      727033           3      711176 
      470861      727033           4      711176 
      470861      727033           6      711176 
      470861      727033           7      711176 
      470861      727033           8      711176 
      685311      713711           2      685311 
      685311      713711           3      685311 
      685311      713711           4      685311 
      685311      713711           6      685311 
      685311      713711           7      685311 
      685311      713711           8      685311 
      418772      730588           6      723936 
      506800      495730           8      681509 
      506800      495730           4      681509 
      514112      687286           6      514112 
      514112      687286           2      514112 
      514112      687286           8      514112 
      514112      687286           4      514112 
      685326      685343           6      685326 
      685326      685343           8      685326 
      527951      730363           8      687255 
      418772      730588           2      723936 
      418772      730588           3      723936 
      418772      730588           4      723936 
      418772      730588           7      723936 
      418772      730588           8      723936 
      491563      472917           7      493374 
      260385      688938           2      686064 
      260385      688938           8      686064 
      260385      688938           4      686064 
      414755      727927           3      200490 
      675855      689335           7      675855 
      473742      708628           6      678477 
      473742      708628           7      678477 
      514112      687286           3      514112 
      626086      726359           2      710098 
      626086      726359           3      710098 
      626086      726359           4      710098 
      409914      712769           8      680852 
      414755      727927           4      200490 
      414755      727927           8      200490 
      385227      385227           2      690614 
      385227      385227           3      690614 
      385227      385227           4      690614 
      385227      385227           7      690614 
      385227      385227           8      690614 
      385227      385227           6      690614 
      679660      679661           8      711918 
      202373      687762           4      518047 
      202373      687762           6      518047 
      202373      687762           7      518047 
      202373      687762           8      518047 
      398054      727975           4      716947 
      398054      727975           8      716947 
      682214      683023           8      682214 
      257548      728116           8      724539 
      327884      729400           8      690492 
      330603      726792           3      712623 
      528312      730015           3      710125 
      509064      726904           4      725038 
      509064      726904           8      725038 
      261208      330713           2      261471 
      261208      330713           3      261471 
      261208      330713           4      261471 
      261208      330713           6      261471 
      261208      330713           7      261471 
      261208      330713           8      261471 
      257879      728264           4      675832 
      257879      728264           8      675832 
      400603      730775           7      626464 
      401575      726778           2      724504 
      401575      726778           3      724504 
      401575      726778           4      724504 
      401575      726778           7      724504 
      401575      726778           8      724504 
      680917      715193           2      714794 
      680917      715193           3      714794 
      680917      715193           4      714794 
      680917      715193           6      714794 
      680917      715193           7      714794 
      680917      715193           8      714794 
      509064      726904           2      725038 
      509064      726904           3      725038 
      509064      726904           6      725038 
      509064      726904           7      725038 
      677629      727606           7      721475 
      401575      726778           6      724504 
      263705      263705           7      686809 
      263705      263705           8      686809 
      400603      730775           8      626464 
      716048      727296           7      716048 
      716048      727296           8      716048 
      398054      727975           7      716947 
      688934      728847           2      688934 
      688934      728847           3      688934 
      688934      728847           4      688934 
      688934      728847           6      688934 
      688934      728847           7      688934 
      688934      728847           8      688934 
      400603      730775           6      626464 
      201848      725788           2      713822 
      201848      725788           3      713822 
      201848      725788           6      713822 
      201848      725788           7      713822 
      522353      725040           6      680146 
      522353      725040           7      680146 
      522353      725040           8      680146 
      414755      727927           7      200490 
      473399      477775           8      708957 
      716048      727296           2      716048 
      716048      727296           3      716048 
      716048      727296           4      716048 
      716048      727296           6      716048 
      509327      725485           3      509327 
      722937      728418           7      722937 
      722937      728418           8      722937 
      677068      727769           6      722622 
      677068      727769           8      722622 
      626256      714966           7      724514 
      714471      730626           4      714471 
      714471      730626           8      714471 
      716076      730121           6      724659 
      716076      730121           7      724659 
      716076      730121           2      724659 
      716076      730121           3      724659 
      716076      730121           4      724659 
      716076      730121           8      724659 
      688622      730176           8      714879 
      204832      729974           6      505889 
