DBCC execution completed. If DBCC printed error messages, contact a user with
System Administrator (SA) role.
Checking vpplaces
Database 'vpplaces' is not in single user mode - may find spurious allocation
problems due to transactions in progress.
***************************************************************
TABLE: sysobjects		OBJID = 1
INDID=1	 FIRST=1	 ROOT=8	 SORT=0
	Data level: 1.  13 Data pages allocated and 2 Extents allocated.
	Indid	  : 1.  1 Index pages allocated and 1 Extents allocated.
INDID=2	 FIRST=18	 ROOT=16	 SORT=0
	Indid	  : 2.  4 Index pages allocated and 1 Extents allocated.
TOTAL # of extents = 4
***************************************************************
TABLE: sysindexes		OBJID = 2
INDID=1	 FIRST=24	 ROOT=32	 SORT=0
	Data level: 1.  6 Data pages allocated and 1 Extents allocated.
	Indid	  : 1.  1 Index pages allocated and 1 Extents allocated.
TOTAL # of extents = 2
***************************************************************
TABLE: syscolumns		OBJID = 3
INDID=1	 FIRST=48	 ROOT=56	 SORT=0
	Data level: 1.  18 Data pages allocated and 3 Extents allocated.
	Indid	  : 1.  1 Index pages allocated and 1 Extents allocated.
TOTAL # of extents = 4
***************************************************************
TABLE: systypes		OBJID = 4
INDID=1	 FIRST=64	 ROOT=72	 SORT=0
	Data level: 1.  2 Data pages allocated and 1 Extents allocated.
	Indid	  : 1.  1 Index pages allocated and 1 Extents allocated.
INDID=2	 FIRST=80	 ROOT=80	 SORT=0
	Indid	  : 2.  1 Index pages allocated and 1 Extents allocated.
TOTAL # of extents = 3
***************************************************************
TABLE: sysprocedures		OBJID = 5
INDID=1	 FIRST=88	 ROOT=96	 SORT=0
	Data level: 1.  1251 Data pages allocated and 161 Extents allocated.
	Indid	  : 1.  23 Index pages allocated and 3 Extents allocated.
TOTAL # of extents = 164
***************************************************************
TABLE: syscomments		OBJID = 6
INDID=1	 FIRST=113	 ROOT=41	 SORT=1
	Data level: 1.  162 Data pages allocated and 21 Extents allocated.
	Indid	  : 1.  3 Index pages allocated and 1 Extents allocated.
TOTAL # of extents = 22
***************************************************************
TABLE: syssegments		OBJID = 7
INDID=0	 FIRST=120	 ROOT=120	 SORT=0
	Data level: 0.  1 Data pages allocated and 1 Extents allocated.
TOTAL # of extents = 1
***************************************************************
TABLE: syslogs		OBJID = 8
INDID=0	 FIRST=57957	 ROOT=303253	 SORT=0
	Data level: 0.  9430 Data pages allocated and 1179 Extents allocated.
TOTAL # of extents = 1179
***************************************************************
TABLE: sysprotects		OBJID = 9
INDID=1	 FIRST=258	 ROOT=153	 SORT=1
	Data level: 1.  1 Data pages allocated and 1 Extents allocated.
	Indid	  : 1.  1 Index pages allocated and 1 Extents allocated.
TOTAL # of extents = 2
***************************************************************
TABLE: sysusers		OBJID = 10
INDID=1	 FIRST=160	 ROOT=168	 SORT=0
	Data level: 1.  1 Data pages allocated and 1 Extents allocated.
	Indid	  : 1.  1 Index pages allocated and 1 Extents allocated.
INDID=2	 FIRST=176	 ROOT=176	 SORT=0
	Indid	  : 2.  1 Index pages allocated and 1 Extents allocated.
INDID=3	 FIRST=184	 ROOT=184	 SORT=0
	Indid	  : 3.  1 Index pages allocated and 1 Extents allocated.
TOTAL # of extents = 4
***************************************************************
TABLE: sysalternates		OBJID = 11
INDID=1	 FIRST=192	 ROOT=200	 SORT=0
	Data level: 1.  1 Data pages allocated and 1 Extents allocated.
	Indid	  : 1.  1 Index pages allocated and 1 Extents allocated.
TOTAL # of extents = 2
***************************************************************
TABLE: sysdepends		OBJID = 12
INDID=1	 FIRST=216	 ROOT=224	 SORT=0
	Data level: 1.  4 Data pages allocated and 1 Extents allocated.
	Indid	  : 1.  1 Index pages allocated and 1 Extents allocated.
TOTAL # of extents = 2
***************************************************************
TABLE: syskeys		OBJID = 13
INDID=1	 FIRST=232	 ROOT=240	 SORT=0
	Data level: 1.  1 Data pages allocated and 1 Extents allocated.
	Indid	  : 1.  1 Index pages allocated and 1 Extents allocated.
TOTAL # of extents = 2
***************************************************************
TABLE: sysusermessages		OBJID = 15
INDID=1	 FIRST=249	 ROOT=209	 SORT=1
	Data level: 1.  1 Data pages allocated and 1 Extents allocated.
	Indid	  : 1.  1 Index pages allocated and 1 Extents allocated.
INDID=2	 FIRST=137	 ROOT=137	 SORT=1
	Indid	  : 2.  1 Index pages allocated and 1 Extents allocated.
TOTAL # of extents = 3
***************************************************************
TABLE: sysreferences		OBJID = 16
INDID=1	 FIRST=273	 ROOT=105	 SORT=1
	Data level: 1.  1 Data pages allocated and 1 Extents allocated.
	Indid	  : 1.  1 Index pages allocated and 1 Extents allocated.
INDID=2	 FIRST=265	 ROOT=265	 SORT=1
	Indid	  : 2.  1 Index pages allocated and 1 Extents allocated.
INDID=3	 FIRST=281	 ROOT=281	 SORT=1
	Indid	  : 3.  1 Index pages allocated and 1 Extents allocated.
TOTAL # of extents = 4
***************************************************************
TABLE: sysconstraints		OBJID = 17
INDID=1	 FIRST=305	 ROOT=297	 SORT=1
	Data level: 1.  1 Data pages allocated and 1 Extents allocated.
	Indid	  : 1.  1 Index pages allocated and 1 Extents allocated.
INDID=2	 FIRST=289	 ROOT=289	 SORT=1
	Indid	  : 2.  1 Index pages allocated and 1 Extents allocated.
TOTAL # of extents = 3
***************************************************************
TABLE: systhresholds		OBJID = 18
INDID=1	 FIRST=337	 ROOT=329	 SORT=1
	Data level: 1.  1 Data pages allocated and 1 Extents allocated.
	Indid	  : 1.  1 Index pages allocated and 1 Extents allocated.
TOTAL # of extents = 2
***************************************************************
TABLE: sysroles		OBJID = 19
INDID=1	 FIRST=353	 ROOT=345	 SORT=1
	Data level: 1.  1 Data pages allocated and 1 Extents allocated.
	Indid	  : 1.  1 Index pages allocated and 1 Extents allocated.
TOTAL # of extents = 2
***************************************************************
TABLE: sysattributes		OBJID = 21
INDID=1	 FIRST=369	 ROOT=361	 SORT=1
	Data level: 1.  1 Data pages allocated and 1 Extents allocated.
	Indid	  : 1.  1 Index pages allocated and 1 Extents allocated.
INDID=2	 FIRST=321	 ROOT=321	 SORT=1
	Indid	  : 2.  1 Index pages allocated and 1 Extents allocated.
INDID=255	 FIRST=145	 ROOT=145	 SORT=0
TOTAL # of extents = 3
***************************************************************
TABLE: syspartitions		OBJID = 22
INDID=1	 FIRST=401	 ROOT=393	 SORT=1
	Data level: 1.  1 Data pages allocated and 1 Extents allocated.
	Indid	  : 1.  1 Index pages allocated and 1 Extents allocated.
TOTAL # of extents = 2
***************************************************************
TABLE: persistentPlacesChange		OBJID = 16003088
INDID=0	 FIRST=313	 ROOT=313	 SORT=0
	Data level: 0.  1 Data pages allocated and 1 Extents allocated.
INDID=2	 FIRST=546	 ROOT=546	 SORT=1
	Indid	  : 2.  1 Index pages allocated and 1 Extents allocated.
TOTAL # of extents = 2
***************************************************************
TABLE: PTGlist		OBJID = 48003202
INDID=1	 FIRST=409	 ROOT=385	 SORT=1
	Data level: 1.  1 Data pages allocated and 1 Extents allocated.
	Indid	  : 1.  1 Index pages allocated and 1 Extents allocated.
TOTAL # of extents = 2
***************************************************************
TABLE: vpPlacesList		OBJID = 80003316
INDID=1	 FIRST=425	 ROOT=417	 SORT=1
	Data level: 1.  98 Data pages allocated and 14 Extents allocated.
	Indid	  : 1.  2 Index pages allocated and 1 Extents allocated.
TOTAL # of extents = 15
***************************************************************
TABLE: PersistentPTGlist		OBJID = 112003430
INDID=0	 FIRST=377	 ROOT=377	 SORT=0
	Data level: 0.  1 Data pages allocated and 1 Extents allocated.
INDID=2	 FIRST=433	 ROOT=433	 SORT=1
	Indid	  : 2.  1 Index pages allocated and 1 Extents allocated.
INDID=3	 FIRST=569	 ROOT=569	 SORT=1
	Indid	  : 3.  1 Index pages allocated and 1 Extents allocated.
TOTAL # of extents = 3
***************************************************************
TABLE: persistentPlaces		OBJID = 192003715
INDID=1	 FIRST=481	 ROOT=473	 SORT=1
	Data level: 1.  57 Data pages allocated and 9 Extents allocated.
	Indid	  : 1.  6 Index pages allocated and 1 Extents allocated.
TOTAL # of extents = 10
***************************************************************
TABLE: placeUsage		OBJID = 288004057
INDID=0	 FIRST=497	 ROOT=497	 SORT=0
	Data level: 0.  1 Data pages allocated and 1 Extents allocated.
INDID=2	 FIRST=577	 ROOT=577	 SORT=1
	Indid	  : 2.  1 Index pages allocated and 1 Extents allocated.
INDID=3	 FIRST=585	 ROOT=585	 SORT=1
	Indid	  : 3.  1 Index pages allocated and 1 Extents allocated.
TOTAL # of extents = 3
***************************************************************
TABLE: shadowPlaces		OBJID = 320004171
INDID=1	 FIRST=521	 ROOT=514	 SORT=1
	Data level: 1.  1 Data pages allocated and 1 Extents allocated.
	Indid	  : 1.  2 Index pages allocated and 1 Extents allocated.
TOTAL # of extents = 2
***************************************************************
TABLE: totalUsage		OBJID = 352004285
INDID=1	 FIRST=537	 ROOT=529	 SORT=1
	Data level: 1.  1544 Data pages allocated and 194 Extents allocated.
	Indid	  : 1.  17 Index pages allocated and 3 Extents allocated.
TOTAL # of extents = 197
***************************************************************
TABLE: dailyUsage		OBJID = 384004399
INDID=0	 FIRST=505	 ROOT=10845	 SORT=0
	Data level: 0.  1018 Data pages allocated and 128 Extents allocated.
TOTAL # of extents = 128
***************************************************************
TABLE: ftpChanges		OBJID = 386100416
INDID=1	 FIRST=6825	 ROOT=6809	 SORT=1
	Data level: 1.  1 Data pages allocated and 1 Extents allocated.
	Indid	  : 1.  2 Index pages allocated and 1 Extents allocated.
TOTAL # of extents = 2
***************************************************************
TABLE: placeTypes		OBJID = 432004570
INDID=1	 FIRST=561	 ROOT=553	 SORT=1
	Data level: 1.  1 Data pages allocated and 1 Extents allocated.
	Indid	  : 1.  2 Index pages allocated and 1 Extents allocated.
TOTAL # of extents = 2
***************************************************************
TABLE: userPlaces		OBJID = 530100929
INDID=1	 FIRST=1241	 ROOT=1233	 SORT=1
	Data level: 1.  78 Data pages allocated and 10 Extents allocated.
	Indid	  : 1.  2 Index pages allocated and 1 Extents allocated.
INDID=2	 FIRST=3186	 ROOT=3185	 SORT=1
	Indid	  : 2.  42 Index pages allocated and 6 Extents allocated.
TOTAL # of extents = 17
***************************************************************
TABLE: dailyTotals		OBJID = 709577566
INDID=0	 FIRST=3777	 ROOT=10989	 SORT=0
	Data level: 0.  349 Data pages allocated and 44 Extents allocated.
INDID=2	 FIRST=3858	 ROOT=3857	 SORT=1
	Indid	  : 2.  672 Index pages allocated and 85 Extents allocated.
TOTAL # of extents = 129
***************************************************************
TABLE: homePages		OBJID = 773577794
INDID=1	 FIRST=2281	 ROOT=2185	 SORT=1
	Data level: 1.  879 Data pages allocated and 111 Extents allocated.
	Indid	  : 1.  9 Index pages allocated and 2 Extents allocated.
TOTAL # of extents = 113
***************************************************************
TABLE: homePageHistory		OBJID = 997578592
INDID=1	 FIRST=3793	 ROOT=3737	 SORT=1
	Data level: 1.  3907 Data pages allocated and 491 Extents allocated.
	Indid	  : 1.  41 Index pages allocated and 6 Extents allocated.
TOTAL # of extents = 497
***************************************************************
TABLE: categories		OBJID = 1461580245
INDID=1	 FIRST=457	 ROOT=449	 SORT=1
	Data level: 1.  1 Data pages allocated and 1 Extents allocated.
	Indid	  : 1.  2 Index pages allocated and 1 Extents allocated.
INDID=2	 FIRST=465	 ROOT=465	 SORT=1
	Indid	  : 2.  2 Index pages allocated and 1 Extents allocated.
TOTAL # of extents = 3
***************************************************************
TABLE: placeCategories		OBJID = 1509580416
INDID=0	 FIRST=441	 ROOT=1554	 SORT=0
	Data level: 0.  84 Data pages allocated and 11 Extents allocated.
INDID=2	 FIRST=490	 ROOT=489	 SORT=1
	Indid	  : 2.  43 Index pages allocated and 8 Extents allocated.
TOTAL # of extents = 19
***************************************************************
TABLE: homePageChanges		OBJID = 1561056597
INDID=0	 FIRST=2809	 ROOT=2809	 SORT=0
	Data level: 0.  1 Data pages allocated and 1 Extents allocated.
TOTAL # of extents = 1
***************************************************************
TABLE: linkCategories		OBJID = 1637580872
INDID=1	 FIRST=5441	 ROOT=5329	 SORT=1
	Data level: 1.  1 Data pages allocated and 1 Extents allocated.
	Indid	  : 1.  2 Index pages allocated and 1 Extents allocated.
INDID=2	 FIRST=5465	 ROOT=5465	 SORT=1
	Indid	  : 2.  2 Index pages allocated and 1 Extents allocated.
TOTAL # of extents = 3
***************************************************************
TABLE: links		OBJID = 1685581043
INDID=0	 FIRST=5249	 ROOT=5249	 SORT=0
	Data level: 0.  1 Data pages allocated and 1 Extents allocated.
TOTAL # of extents = 1
***************************************************************
TABLE: html		OBJID = 1717581157
INDID=1	 FIRST=5513	 ROOT=5505	 SORT=1
	Data level: 1.  1 Data pages allocated and 1 Extents allocated.
	Indid	  : 1.  2 Index pages allocated and 1 Extents allocated.
INDID=255	 FIRST=5481	 ROOT=5481	 SORT=0
TOTAL # of extents = 2
***************************************************************
Processed 62 entries in the sysindexes for dbid 6.
Alloc page 0 (# of extent=32 used pages=114 ref pages=104)
Alloc page 256 (# of extent=32 used pages=103 ref pages=103)
Alloc page 512 (# of extent=32 used pages=210 ref pages=210)
Alloc page 768 (# of extent=32 used pages=256 ref pages=256)
Alloc page 1024 (# of extent=32 used pages=251 ref pages=251)
Alloc page 1280 (# of extent=32 used pages=250 ref pages=250)
Alloc page 1536 (# of extent=32 used pages=241 ref pages=241)
Alloc page 1792 (# of extent=32 used pages=256 ref pages=256)
Alloc page 2048 (# of extent=32 used pages=255 ref pages=255)
Alloc page 2304 (# of extent=32 used pages=256 ref pages=256)
Alloc page 2560 (# of extent=32 used pages=237 ref pages=237)
Alloc page 2816 (# of extent=32 used pages=256 ref pages=256)
Alloc page 3072 (# of extent=32 used pages=256 ref pages=256)
Alloc page 3328 (# of extent=32 used pages=256 ref pages=256)
Alloc page 3584 (# of extent=32 used pages=256 ref pages=256)
Alloc page 3840 (# of extent=32 used pages=251 ref pages=251)
Alloc page 4096 (# of extent=32 used pages=241 ref pages=238)
Alloc page 4352 (# of extent=32 used pages=248 ref pages=248)
Alloc page 4608 (# of extent=32 used pages=244 ref pages=244)
Alloc page 4864 (# of extent=32 used pages=256 ref pages=256)
Alloc page 5120 (# of extent=32 used pages=245 ref pages=245)
Alloc page 5376 (# of extent=32 used pages=234 ref pages=218)
Alloc page 5632 (# of extent=32 used pages=251 ref pages=251)
Alloc page 5888 (# of extent=32 used pages=242 ref pages=242)
Alloc page 6144 (# of extent=32 used pages=249 ref pages=249)
Alloc page 6400 (# of extent=32 used pages=256 ref pages=256)
Alloc page 6656 (# of extent=32 used pages=245 ref pages=245)
Alloc page 6912 (# of extent=32 used pages=256 ref pages=256)
Alloc page 7168 (# of extent=32 used pages=256 ref pages=256)
Alloc page 7424 (# of extent=32 used pages=256 ref pages=256)
Alloc page 7680 (# of extent=32 used pages=256 ref pages=256)
Alloc page 7936 (# of extent=32 used pages=256 ref pages=256)
Alloc page 8192 (# of extent=32 used pages=256 ref pages=256)
Alloc page 8448 (# of extent=32 used pages=243 ref pages=243)
Alloc page 8704 (# of extent=32 used pages=251 ref pages=251)
Alloc page 8960 (# of extent=32 used pages=255 ref pages=255)
Alloc page 9216 (# of extent=32 used pages=256 ref pages=256)
Alloc page 9472 (# of extent=32 used pages=256 ref pages=256)
Alloc page 9728 (# of extent=32 used pages=255 ref pages=255)
Alloc page 9984 (# of extent=32 used pages=256 ref pages=256)
Alloc page 10240 (# of extent=32 used pages=256 ref pages=256)
Alloc page 10496 (# of extent=32 used pages=255 ref pages=255)
Alloc page 10752 (# of extent=32 used pages=248 ref pages=248)
Alloc page 11008 (# of extent=12 used pages=85 ref pages=85)
Alloc page 11264 (# of extent=1 used pages=1 ref pages=1)
Alloc page 11520 (# of extent=1 used pages=1 ref pages=1)
Alloc page 11776 (# of extent=1 used pages=1 ref pages=1)
Alloc page 12032 (# of extent=1 used pages=1 ref pages=1)
Alloc page 12288 (# of extent=1 used pages=1 ref pages=1)
Alloc page 12544 (# of extent=1 used pages=1 ref pages=1)
Alloc page 12800 (# of extent=1 used pages=1 ref pages=1)
Alloc page 13056 (# of extent=1 used pages=1 ref pages=1)
Alloc page 13312 (# of extent=1 used pages=1 ref pages=1)
Alloc page 13568 (# of extent=1 used pages=1 ref pages=1)
Alloc page 13824 (# of extent=1 used pages=1 ref pages=1)
Alloc page 14080 (# of extent=1 used pages=1 ref pages=1)
Alloc page 14336 (# of extent=1 used pages=1 ref pages=1)
Alloc page 14592 (# of extent=1 used pages=1 ref pages=1)
Alloc page 14848 (# of extent=1 used pages=1 ref pages=1)
Alloc page 15104 (# of extent=1 used pages=1 ref pages=1)
Alloc page 15360 (# of extent=1 used pages=1 ref pages=1)
Alloc page 15616 (# of extent=1 used pages=1 ref pages=1)
Alloc page 15872 (# of extent=1 used pages=1 ref pages=1)
Alloc page 16128 (# of extent=1 used pages=1 ref pages=1)
Alloc page 16384 (# of extent=1 used pages=1 ref pages=1)
Alloc page 16640 (# of extent=1 used pages=1 ref pages=1)
Alloc page 16896 (# of extent=1 used pages=1 ref pages=1)
Alloc page 17152 (# of extent=1 used pages=1 ref pages=1)
Alloc page 17408 (# of extent=1 used pages=1 ref pages=1)
Alloc page 17664 (# of extent=1 used pages=1 ref pages=1)
Alloc page 17920 (# of extent=1 used pages=1 ref pages=1)
Alloc page 18176 (# of extent=1 used pages=1 ref pages=1)
Alloc page 18432 (# of extent=1 used pages=1 ref pages=1)
Alloc page 18688 (# of extent=1 used pages=1 ref pages=1)
Alloc page 18944 (# of extent=1 used pages=1 ref pages=1)
Alloc page 19200 (# of extent=1 used pages=1 ref pages=1)
Alloc page 19456 (# of extent=1 used pages=1 ref pages=1)
Alloc page 19712 (# of extent=1 used pages=1 ref pages=1)
Alloc page 19968 (# of extent=1 used pages=1 ref pages=1)
Alloc page 20224 (# of extent=1 used pages=1 ref pages=1)
Alloc page 20480 (# of extent=1 used pages=1 ref pages=1)
Alloc page 20736 (# of extent=1 used pages=1 ref pages=1)
Alloc page 20992 (# of extent=1 used pages=1 ref pages=1)
Alloc page 21248 (# of extent=1 used pages=1 ref pages=1)
Alloc page 21504 (# of extent=1 used pages=1 ref pages=1)
Alloc page 21760 (# of extent=1 used pages=1 ref pages=1)
Alloc page 22016 (# of extent=1 used pages=1 ref pages=1)
Alloc page 22272 (# of extent=1 used pages=1 ref pages=1)
Alloc page 22528 (# of extent=1 used pages=1 ref pages=1)
Alloc page 22784 (# of extent=1 used pages=1 ref pages=1)
Alloc page 23040 (# of extent=1 used pages=1 ref pages=1)
Alloc page 23296 (# of extent=1 used pages=1 ref pages=1)
Alloc page 23552 (# of extent=1 used pages=1 ref pages=1)
Alloc page 23808 (# of extent=1 used pages=1 ref pages=1)
Alloc page 24064 (# of extent=1 used pages=1 ref pages=1)
Alloc page 24320 (# of extent=1 used pages=1 ref pages=1)
Alloc page 24576 (# of extent=1 used pages=1 ref pages=1)
Alloc page 24832 (# of extent=1 used pages=1 ref pages=1)
Alloc page 25088 (# of extent=1 used pages=1 ref pages=1)
Alloc page 25344 (# of extent=1 used pages=1 ref pages=1)
Alloc page 25600 (# of extent=1 used pages=1 ref pages=1)
Alloc page 25856 (# of extent=1 used pages=1 ref pages=1)
Alloc page 26112 (# of extent=1 used pages=1 ref pages=1)
Alloc page 26368 (# of extent=1 used pages=1 ref pages=1)
Alloc page 26624 (# of extent=1 used pages=1 ref pages=1)
Alloc page 26880 (# of extent=1 used pages=1 ref pages=1)
Alloc page 27136 (# of extent=1 used pages=1 ref pages=1)
Alloc page 27392 (# of extent=1 used pages=1 ref pages=1)
Alloc page 27648 (# of extent=1 used pages=1 ref pages=1)
Alloc page 27904 (# of extent=1 used pages=1 ref pages=1)
Alloc page 28160 (# of extent=1 used pages=1 ref pages=1)
Alloc page 28416 (# of extent=1 used pages=1 ref pages=1)
Alloc page 28672 (# of extent=1 used pages=1 ref pages=1)
Alloc page 28928 (# of extent=1 used pages=1 ref pages=1)
Alloc page 29184 (# of extent=1 used pages=1 ref pages=1)
Alloc page 29440 (# of extent=1 used pages=1 ref pages=1)
Alloc page 29696 (# of extent=1 used pages=1 ref pages=1)
Alloc page 29952 (# of extent=1 used pages=1 ref pages=1)
Alloc page 30208 (# of extent=1 used pages=1 ref pages=1)
Alloc page 30464 (# of extent=1 used pages=1 ref pages=1)
Alloc page 30720 (# of extent=1 used pages=1 ref pages=1)
Alloc page 30976 (# of extent=1 used pages=1 ref pages=1)
Alloc page 31232 (# of extent=1 used pages=1 ref pages=1)
Alloc page 31488 (# of extent=1 used pages=1 ref pages=1)
Alloc page 31744 (# of extent=1 used pages=1 ref pages=1)
Alloc page 32000 (# of extent=1 used pages=1 ref pages=1)
Alloc page 32256 (# of extent=1 used pages=1 ref pages=1)
Alloc page 32512 (# of extent=1 used pages=1 ref pages=1)
Alloc page 32768 (# of extent=1 used pages=1 ref pages=1)
Alloc page 33024 (# of extent=1 used pages=1 ref pages=1)
Alloc page 33280 (# of extent=1 used pages=1 ref pages=1)
Alloc page 33536 (# of extent=1 used pages=1 ref pages=1)
Alloc page 33792 (# of extent=1 used pages=1 ref pages=1)
Alloc page 34048 (# of extent=1 used pages=1 ref pages=1)
Alloc page 34304 (# of extent=1 used pages=1 ref pages=1)
Alloc page 34560 (# of extent=1 used pages=1 ref pages=1)
Alloc page 34816 (# of extent=1 used pages=1 ref pages=1)
Alloc page 35072 (# of extent=1 used pages=1 ref pages=1)
Alloc page 35328 (# of extent=1 used pages=1 ref pages=1)
Alloc page 35584 (# of extent=1 used pages=1 ref pages=1)
Alloc page 35840 (# of extent=1 used pages=1 ref pages=1)
Alloc page 36096 (# of extent=1 used pages=1 ref pages=1)
Alloc page 36352 (# of extent=1 used pages=1 ref pages=1)
Alloc page 36608 (# of extent=1 used pages=1 ref pages=1)
Alloc page 36864 (# of extent=1 used pages=1 ref pages=1)
Alloc page 37120 (# of extent=1 used pages=1 ref pages=1)
Alloc page 37376 (# of extent=1 used pages=1 ref pages=1)
Alloc page 37632 (# of extent=1 used pages=1 ref pages=1)
Alloc page 37888 (# of extent=1 used pages=1 ref pages=1)
Alloc page 38144 (# of extent=1 used pages=1 ref pages=1)
Alloc page 38400 (# of extent=1 used pages=1 ref pages=1)
Alloc page 38656 (# of extent=1 used pages=1 ref pages=1)
Alloc page 38912 (# of extent=1 used pages=1 ref pages=1)
Alloc page 39168 (# of extent=1 used pages=1 ref pages=1)
Alloc page 39424 (# of extent=1 used pages=1 ref pages=1)
Alloc page 39680 (# of extent=1 used pages=1 ref pages=1)
Alloc page 39936 (# of extent=1 used pages=1 ref pages=1)
Alloc page 40192 (# of extent=1 used pages=1 ref pages=1)
Alloc page 40448 (# of extent=1 used pages=1 ref pages=1)
Alloc page 40704 (# of extent=1 used pages=1 ref pages=1)
Alloc page 40960 (# of extent=1 used pages=1 ref pages=1)
Alloc page 41216 (# of extent=1 used pages=1 ref pages=1)
Alloc page 41472 (# of extent=1 used pages=1 ref pages=1)
Alloc page 41728 (# of extent=1 used pages=1 ref pages=1)
Alloc page 41984 (# of extent=1 used pages=1 ref pages=1)
Alloc page 42240 (# of extent=1 used pages=1 ref pages=1)
Alloc page 42496 (# of extent=1 used pages=1 ref pages=1)
Alloc page 42752 (# of extent=1 used pages=1 ref pages=1)
Alloc page 43008 (# of extent=1 used pages=1 ref pages=1)
Alloc page 43264 (# of extent=1 used pages=1 ref pages=1)
Alloc page 43520 (# of extent=1 used pages=1 ref pages=1)
Alloc page 43776 (# of extent=1 used pages=1 ref pages=1)
Alloc page 44032 (# of extent=1 used pages=1 ref pages=1)
Alloc page 44288 (# of extent=1 used pages=1 ref pages=1)
Alloc page 44544 (# of extent=1 used pages=1 ref pages=1)
Alloc page 44800 (# of extent=1 used pages=1 ref pages=1)
Alloc page 45056 (# of extent=1 used pages=1 ref pages=1)
Alloc page 45312 (# of extent=1 used pages=1 ref pages=1)
Alloc page 45568 (# of extent=1 used pages=1 ref pages=1)
Alloc page 45824 (# of extent=1 used pages=1 ref pages=1)
Alloc page 46080 (# of extent=1 used pages=1 ref pages=1)
Alloc page 46336 (# of extent=1 used pages=1 ref pages=1)
Alloc page 46592 (# of extent=1 used pages=1 ref pages=1)
Alloc page 46848 (# of extent=1 used pages=1 ref pages=1)
Alloc page 47104 (# of extent=1 used pages=1 ref pages=1)
Alloc page 47360 (# of extent=1 used pages=1 ref pages=1)
Alloc page 47616 (# of extent=1 used pages=1 ref pages=1)
Alloc page 47872 (# of extent=1 used pages=1 ref pages=1)
Alloc page 48128 (# of extent=1 used pages=1 ref pages=1)
Alloc page 48384 (# of extent=1 used pages=1 ref pages=1)
Alloc page 48640 (# of extent=1 used pages=1 ref pages=1)
Alloc page 48896 (# of extent=1 used pages=1 ref pages=1)
Alloc page 49152 (# of extent=1 used pages=1 ref pages=1)
Alloc page 49408 (# of extent=1 used pages=1 ref pages=1)
Alloc page 49664 (# of extent=1 used pages=1 ref pages=1)
Alloc page 49920 (# of extent=1 used pages=1 ref pages=1)
Alloc page 50176 (# of extent=1 used pages=1 ref pages=1)
Alloc page 50432 (# of extent=1 used pages=1 ref pages=1)
Alloc page 50688 (# of extent=1 used pages=1 ref pages=1)
Alloc page 50944 (# of extent=1 used pages=1 ref pages=1)
Alloc page 51200 (# of extent=1 used pages=1 ref pages=1)
Alloc page 51456 (# of extent=1 used pages=1 ref pages=1)
Alloc page 51712 (# of extent=1 used pages=1 ref pages=1)
Alloc page 51968 (# of extent=1 used pages=1 ref pages=1)
Alloc page 52224 (# of extent=1 used pages=1 ref pages=1)
Alloc page 52480 (# of extent=1 used pages=1 ref pages=1)
Alloc page 52736 (# of extent=1 used pages=1 ref pages=1)
Alloc page 52992 (# of extent=1 used pages=1 ref pages=1)
Alloc page 53248 (# of extent=1 used pages=1 ref pages=1)
Alloc page 53504 (# of extent=1 used pages=1 ref pages=1)
Alloc page 53760 (# of extent=1 used pages=1 ref pages=1)
Alloc page 54016 (# of extent=1 used pages=1 ref pages=1)
Alloc page 54272 (# of extent=1 used pages=1 ref pages=1)
Alloc page 54528 (# of extent=1 used pages=1 ref pages=1)
Alloc page 54784 (# of extent=1 used pages=1 ref pages=1)
Alloc page 55040 (# of extent=1 used pages=1 ref pages=1)
Alloc page 55296 (# of extent=1 used pages=1 ref pages=1)
Alloc page 55552 (# of extent=1 used pages=1 ref pages=1)
Alloc page 55808 (# of extent=1 used pages=1 ref pages=1)
Alloc page 56064 (# of extent=1 used pages=1 ref pages=1)
Alloc page 56320 (# of extent=1 used pages=1 ref pages=1)
Alloc page 56576 (# of extent=1 used pages=1 ref pages=1)
Alloc page 56832 (# of extent=1 used pages=1 ref pages=1)
Alloc page 57088 (# of extent=1 used pages=1 ref pages=1)
Alloc page 57344 (# of extent=1 used pages=1 ref pages=1)
Alloc page 57600 (# of extent=1 used pages=1 ref pages=1)
Alloc page 57856 (# of extent=21 used pages=156 ref pages=156)
Alloc page 58112 (# of extent=32 used pages=256 ref pages=256)
Alloc page 58368 (# of extent=32 used pages=256 ref pages=256)
Alloc page 58624 (# of extent=32 used pages=256 ref pages=256)
Alloc page 58880 (# of extent=32 used pages=256 ref pages=256)
Alloc page 59136 (# of extent=32 used pages=256 ref pages=256)
Alloc page 59392 (# of extent=32 used pages=256 ref pages=256)
Alloc page 59648 (# of extent=32 used pages=256 ref pages=256)
Alloc page 59904 (# of extent=32 used pages=256 ref pages=256)
Alloc page 60160 (# of extent=32 used pages=256 ref pages=256)
Alloc page 60416 (# of extent=32 used pages=256 ref pages=256)
Alloc page 60672 (# of extent=32 used pages=256 ref pages=256)
Alloc page 60928 (# of extent=32 used pages=256 ref pages=256)
Alloc page 61184 (# of extent=32 used pages=256 ref pages=256)
Alloc page 61440 (# of extent=32 used pages=256 ref pages=256)
Alloc page 61696 (# of extent=32 used pages=256 ref pages=256)
Alloc page 61952 (# of extent=32 used pages=256 ref pages=256)
Alloc page 62208 (# of extent=32 used pages=256 ref pages=256)
Alloc page 62464 (# of extent=32 used pages=256 ref pages=256)
Alloc page 62720 (# of extent=32 used pages=256 ref pages=256)
Alloc page 62976 (# of extent=32 used pages=256 ref pages=256)
Alloc page 63232 (# of extent=32 used pages=256 ref pages=256)
Alloc page 63488 (# of extent=32 used pages=256 ref pages=256)
Alloc page 63744 (# of extent=32 used pages=256 ref pages=256)
Alloc page 64000 (# of extent=32 used pages=256 ref pages=256)
Alloc page 64256 (# of extent=32 used pages=256 ref pages=256)
Alloc page 64512 (# of extent=32 used pages=256 ref pages=256)
Alloc page 64768 (# of extent=32 used pages=256 ref pages=256)
Alloc page 65024 (# of extent=32 used pages=256 ref pages=256)
Alloc page 65280 (# of extent=32 used pages=256 ref pages=256)
Alloc page 65536 (# of extent=32 used pages=256 ref pages=256)
Alloc page 65792 (# of extent=32 used pages=256 ref pages=256)
Alloc page 66048 (# of extent=32 used pages=256 ref pages=256)
Alloc page 66304 (# of extent=32 used pages=256 ref pages=256)
Alloc page 66560 (# of extent=32 used pages=256 ref pages=256)
Alloc page 66816 (# of extent=32 used pages=256 ref pages=256)
Alloc page 67072 (# of extent=32 used pages=256 ref pages=256)
Alloc page 67328 (# of extent=12 used pages=96 ref pages=96)
Alloc page 67584 (# of extent=1 used pages=1 ref pages=1)
Alloc page 67840 (# of extent=1 used pages=1 ref pages=1)
Alloc page 68096 (# of extent=1 used pages=1 ref pages=1)
Alloc page 68352 (# of extent=1 used pages=1 ref pages=1)
Alloc page 68608 (# of extent=1 used pages=1 ref pages=1)
Alloc page 68864 (# of extent=1 used pages=1 ref pages=1)
Alloc page 69120 (# of extent=1 used pages=1 ref pages=1)
Alloc page 69376 (# of extent=1 used pages=1 ref pages=1)
Alloc page 69632 (# of extent=1 used pages=1 ref pages=1)
Alloc page 69888 (# of extent=1 used pages=1 ref pages=1)
Alloc page 70144 (# of extent=1 used pages=1 ref pages=1)
Alloc page 70400 (# of extent=1 used pages=1 ref pages=1)
Alloc page 70656 (# of extent=1 used pages=1 ref pages=1)
Alloc page 70912 (# of extent=1 used pages=1 ref pages=1)
Alloc page 71168 (# of extent=1 used pages=1 ref pages=1)
Alloc page 71424 (# of extent=1 used pages=1 ref pages=1)
Alloc page 71680 (# of extent=1 used pages=1 ref pages=1)
Alloc page 71936 (# of extent=1 used pages=1 ref pages=1)
Alloc page 72192 (# of extent=1 used pages=1 ref pages=1)
Alloc page 72448 (# of extent=1 used pages=1 ref pages=1)
Alloc page 72704 (# of extent=1 used pages=1 ref pages=1)
Alloc page 72960 (# of extent=1 used pages=1 ref pages=1)
Alloc page 73216 (# of extent=1 used pages=1 ref pages=1)
Alloc page 73472 (# of extent=1 used pages=1 ref pages=1)
Alloc page 73728 (# of extent=1 used pages=1 ref pages=1)
Alloc page 73984 (# of extent=1 used pages=1 ref pages=1)
Alloc page 74240 (# of extent=1 used pages=1 ref pages=1)
Alloc page 74496 (# of extent=1 used pages=1 ref pages=1)
Alloc page 74752 (# of extent=1 used pages=1 ref pages=1)
Alloc page 75008 (# of extent=1 used pages=1 ref pages=1)
Alloc page 75264 (# of extent=1 used pages=1 ref pages=1)
Alloc page 75520 (# of extent=1 used pages=1 ref pages=1)
Alloc page 75776 (# of extent=1 used pages=1 ref pages=1)
Alloc page 76032 (# of extent=1 used pages=1 ref pages=1)
Alloc page 76288 (# of extent=1 used pages=1 ref pages=1)
Alloc page 76544 (# of extent=1 used pages=1 ref pages=1)
Alloc page 76800 (# of extent=1 used pages=1 ref pages=1)
Alloc page 77056 (# of extent=1 used pages=1 ref pages=1)
Alloc page 77312 (# of extent=1 used pages=1 ref pages=1)
Alloc page 77568 (# of extent=1 used pages=1 ref pages=1)
Alloc page 77824 (# of extent=1 used pages=1 ref pages=1)
Alloc page 78080 (# of extent=1 used pages=1 ref pages=1)
Alloc page 78336 (# of extent=1 used pages=1 ref pages=1)
Alloc page 78592 (# of extent=1 used pages=1 ref pages=1)
Alloc page 78848 (# of extent=1 used pages=1 ref pages=1)
Alloc page 79104 (# of extent=1 used pages=1 ref pages=1)
Alloc page 79360 (# of extent=1 used pages=1 ref pages=1)
Alloc page 79616 (# of extent=1 used pages=1 ref pages=1)
Alloc page 79872 (# of extent=1 used pages=1 ref pages=1)
Alloc page 80128 (# of extent=1 used pages=1 ref pages=1)
Alloc page 80384 (# of extent=1 used pages=1 ref pages=1)
Alloc page 80640 (# of extent=1 used pages=1 ref pages=1)
Alloc page 80896 (# of extent=1 used pages=1 ref pages=1)
Alloc page 81152 (# of extent=1 used pages=1 ref pages=1)
Alloc page 81408 (# of extent=1 used pages=1 ref pages=1)
Alloc page 81664 (# of extent=1 used pages=1 ref pages=1)
Alloc page 81920 (# of extent=1 used pages=1 ref pages=1)
Alloc page 82176 (# of extent=1 used pages=1 ref pages=1)
Alloc page 82432 (# of extent=1 used pages=1 ref pages=1)
Alloc page 82688 (# of extent=1 used pages=1 ref pages=1)
Alloc page 82944 (# of extent=1 used pages=1 ref pages=1)
Alloc page 83200 (# of extent=1 used pages=1 ref pages=1)
Alloc page 83456 (# of extent=1 used pages=1 ref pages=1)
Alloc page 83712 (# of extent=1 used pages=1 ref pages=1)
Alloc page 83968 (# of extent=1 used pages=1 ref pages=1)
Alloc page 84224 (# of extent=1 used pages=1 ref pages=1)
Alloc page 84480 (# of extent=1 used pages=1 ref pages=1)
Alloc page 84736 (# of extent=1 used pages=1 ref pages=1)
Alloc page 84992 (# of extent=1 used pages=1 ref pages=1)
Alloc page 85248 (# of extent=1 used pages=1 ref pages=1)
Alloc page 85504 (# of extent=1 used pages=1 ref pages=1)
Alloc page 85760 (# of extent=1 used pages=1 ref pages=1)
Alloc page 86016 (# of extent=1 used pages=1 ref pages=1)
Alloc page 86272 (# of extent=1 used pages=1 ref pages=1)
Alloc page 86528 (# of extent=1 used pages=1 ref pages=1)
Alloc page 86784 (# of extent=1 used pages=1 ref pages=1)
Alloc page 87040 (# of extent=1 used pages=1 ref pages=1)
Alloc page 87296 (# of extent=1 used pages=1 ref pages=1)
Alloc page 87552 (# of extent=1 used pages=1 ref pages=1)
Alloc page 87808 (# of extent=1 used pages=1 ref pages=1)
Alloc page 88064 (# of extent=1 used pages=1 ref pages=1)
Alloc page 88320 (# of extent=1 used pages=1 ref pages=1)
Alloc page 88576 (# of extent=1 used pages=1 ref pages=1)
Alloc page 88832 (# of extent=1 used pages=1 ref pages=1)
Alloc page 89088 (# of extent=1 used pages=1 ref pages=1)
Alloc page 89344 (# of extent=1 used pages=1 ref pages=1)
Alloc page 89600 (# of extent=1 used pages=1 ref pages=1)
Alloc page 89856 (# of extent=1 used pages=1 ref pages=1)
Alloc page 90112 (# of extent=1 used pages=1 ref pages=1)
Alloc page 90368 (# of extent=1 used pages=1 ref pages=1)
Alloc page 90624 (# of extent=1 used pages=1 ref pages=1)
Alloc page 90880 (# of extent=1 used pages=1 ref pages=1)
Alloc page 91136 (# of extent=1 used pages=1 ref pages=1)
Alloc page 91392 (# of extent=1 used pages=1 ref pages=1)
Alloc page 91648 (# of extent=1 used pages=1 ref pages=1)
Alloc page 91904 (# of extent=1 used pages=1 ref pages=1)
Alloc page 92160 (# of extent=1 used pages=1 ref pages=1)
Alloc page 92416 (# of extent=1 used pages=1 ref pages=1)
Alloc page 92672 (# of extent=1 used pages=1 ref pages=1)
Alloc page 92928 (# of extent=1 used pages=1 ref pages=1)
Alloc page 93184 (# of extent=1 used pages=1 ref pages=1)
Alloc page 93440 (# of extent=1 used pages=1 ref pages=1)
Alloc page 93696 (# of extent=1 used pages=1 ref pages=1)
Alloc page 93952 (# of extent=1 used pages=1 ref pages=1)
Alloc page 94208 (# of extent=1 used pages=1 ref pages=1)
Alloc page 94464 (# of extent=1 used pages=1 ref pages=1)
Alloc page 94720 (# of extent=1 used pages=1 ref pages=1)
Alloc page 94976 (# of extent=1 used pages=1 ref pages=1)
Alloc page 95232 (# of extent=1 used pages=1 ref pages=1)
Alloc page 95488 (# of extent=1 used pages=1 ref pages=1)
Alloc page 95744 (# of extent=1 used pages=1 ref pages=1)
Alloc page 96000 (# of extent=1 used pages=1 ref pages=1)
Alloc page 96256 (# of extent=1 used pages=1 ref pages=1)
Alloc page 96512 (# of extent=1 used pages=1 ref pages=1)
Alloc page 96768 (# of extent=1 used pages=1 ref pages=1)
Alloc page 97024 (# of extent=1 used pages=1 ref pages=1)
Alloc page 97280 (# of extent=1 used pages=1 ref pages=1)
Alloc page 97536 (# of extent=1 used pages=1 ref pages=1)
Alloc page 97792 (# of extent=1 used pages=1 ref pages=1)
Alloc page 98048 (# of extent=1 used pages=1 ref pages=1)
Alloc page 98304 (# of extent=1 used pages=1 ref pages=1)
Alloc page 98560 (# of extent=1 used pages=1 ref pages=1)
Alloc page 98816 (# of extent=1 used pages=1 ref pages=1)
Alloc page 99072 (# of extent=1 used pages=1 ref pages=1)
Alloc page 99328 (# of extent=1 used pages=1 ref pages=1)
Alloc page 99584 (# of extent=1 used pages=1 ref pages=1)
Alloc page 99840 (# of extent=1 used pages=1 ref pages=1)
Alloc page 100096 (# of extent=1 used pages=1 ref pages=1)
Alloc page 100352 (# of extent=1 used pages=1 ref pages=1)
Alloc page 100608 (# of extent=1 used pages=1 ref pages=1)
Alloc page 100864 (# of extent=1 used pages=1 ref pages=1)
Alloc page 101120 (# of extent=1 used pages=1 ref pages=1)
Alloc page 101376 (# of extent=1 used pages=1 ref pages=1)
Alloc page 101632 (# of extent=1 used pages=1 ref pages=1)
Alloc page 101888 (# of extent=1 used pages=1 ref pages=1)
Alloc page 102144 (# of extent=1 used pages=1 ref pages=1)
Alloc page 102400 (# of extent=1 used pages=1 ref pages=1)
Alloc page 102656 (# of extent=1 used pages=1 ref pages=1)
Alloc page 102912 (# of extent=1 used pages=1 ref pages=1)
Alloc page 103168 (# of extent=1 used pages=1 ref pages=1)
Alloc page 103424 (# of extent=1 used pages=1 ref pages=1)
Alloc page 103680 (# of extent=1 used pages=1 ref pages=1)
Alloc page 103936 (# of extent=1 used pages=1 ref pages=1)
Alloc page 104192 (# of extent=1 used pages=1 ref pages=1)
Alloc page 104448 (# of extent=1 used pages=1 ref pages=1)
Alloc page 104704 (# of extent=1 used pages=1 ref pages=1)
Alloc page 104960 (# of extent=1 used pages=1 ref pages=1)
Alloc page 105216 (# of extent=1 used pages=1 ref pages=1)
Alloc page 105472 (# of extent=1 used pages=1 ref pages=1)
Alloc page 105728 (# of extent=1 used pages=1 ref pages=1)
Alloc page 105984 (# of extent=1 used pages=1 ref pages=1)
Alloc page 106240 (# of extent=1 used pages=1 ref pages=1)
Alloc page 106496 (# of extent=1 used pages=1 ref pages=1)
Alloc page 106752 (# of extent=1 used pages=1 ref pages=1)
Alloc page 107008 (# of extent=1 used pages=1 ref pages=1)
Alloc page 107264 (# of extent=1 used pages=1 ref pages=1)
Alloc page 107520 (# of extent=1 used pages=1 ref pages=1)
Alloc page 107776 (# of extent=1 used pages=1 ref pages=1)
Alloc page 108032 (# of extent=1 used pages=1 ref pages=1)
Alloc page 108288 (# of extent=1 used pages=1 ref pages=1)
Alloc page 108544 (# of extent=1 used pages=1 ref pages=1)
Alloc page 108800 (# of extent=1 used pages=1 ref pages=1)
Alloc page 109056 (# of extent=1 used pages=1 ref pages=1)
Alloc page 109312 (# of extent=1 used pages=1 ref pages=1)
Alloc page 109568 (# of extent=1 used pages=1 ref pages=1)
Alloc page 109824 (# of extent=1 used pages=1 ref pages=1)
Alloc page 110080 (# of extent=1 used pages=1 ref pages=1)
Alloc page 110336 (# of extent=1 used pages=1 ref pages=1)
Alloc page 110592 (# of extent=1 used pages=1 ref pages=1)
Alloc page 110848 (# of extent=1 used pages=1 ref pages=1)
Alloc page 111104 (# of extent=1 used pages=1 ref pages=1)
Alloc page 111360 (# of extent=1 used pages=1 ref pages=1)
Alloc page 111616 (# of extent=1 used pages=1 ref pages=1)
Alloc page 111872 (# of extent=1 used pages=1 ref pages=1)
Alloc page 112128 (# of extent=1 used pages=1 ref pages=1)
Alloc page 112384 (# of extent=1 used pages=1 ref pages=1)
Alloc page 112640 (# of extent=1 used pages=1 ref pages=1)
Alloc page 112896 (# of extent=1 used pages=1 ref pages=1)
Alloc page 113152 (# of extent=1 used pages=1 ref pages=1)
Alloc page 113408 (# of extent=1 used pages=1 ref pages=1)
Alloc page 113664 (# of extent=1 used pages=1 ref pages=1)
Alloc page 113920 (# of extent=1 used pages=1 ref pages=1)
Alloc page 114176 (# of extent=1 used pages=1 ref pages=1)
Alloc page 114432 (# of extent=1 used pages=1 ref pages=1)
Alloc page 114688 (# of extent=1 used pages=1 ref pages=1)
Alloc page 114944 (# of extent=1 used pages=1 ref pages=1)
Alloc page 115200 (# of extent=1 used pages=1 ref pages=1)
Alloc page 115456 (# of extent=1 used pages=1 ref pages=1)
Alloc page 115712 (# of extent=1 used pages=1 ref pages=1)
Alloc page 115968 (# of extent=1 used pages=1 ref pages=1)
Alloc page 116224 (# of extent=1 used pages=1 ref pages=1)
Alloc page 116480 (# of extent=1 used pages=1 ref pages=1)
Alloc page 116736 (# of extent=1 used pages=1 ref pages=1)
Alloc page 116992 (# of extent=1 used pages=1 ref pages=1)
Alloc page 117248 (# of extent=1 used pages=1 ref pages=1)
Alloc page 117504 (# of extent=1 used pages=1 ref pages=1)
Alloc page 117760 (# of extent=1 used pages=1 ref pages=1)
Alloc page 118016 (# of extent=1 used pages=1 ref pages=1)
Alloc page 118272 (# of extent=1 used pages=1 ref pages=1)
Alloc page 118528 (# of extent=1 used pages=1 ref pages=1)
Alloc page 118784 (# of extent=1 used pages=1 ref pages=1)
Alloc page 119040 (# of extent=1 used pages=1 ref pages=1)
Alloc page 119296 (# of extent=1 used pages=1 ref pages=1)
Alloc page 119552 (# of extent=1 used pages=1 ref pages=1)
Alloc page 119808 (# of extent=1 used pages=1 ref pages=1)
Alloc page 120064 (# of extent=1 used pages=1 ref pages=1)
Alloc page 120320 (# of extent=1 used pages=1 ref pages=1)
Alloc page 120576 (# of extent=1 used pages=1 ref pages=1)
Alloc page 120832 (# of extent=1 used pages=1 ref pages=1)
Alloc page 121088 (# of extent=1 used pages=1 ref pages=1)
Alloc page 121344 (# of extent=1 used pages=1 ref pages=1)
Alloc page 121600 (# of extent=1 used pages=1 ref pages=1)
Alloc page 121856 (# of extent=1 used pages=1 ref pages=1)
Alloc page 122112 (# of extent=1 used pages=1 ref pages=1)
Alloc page 122368 (# of extent=1 used pages=1 ref pages=1)
Alloc page 122624 (# of extent=1 used pages=1 ref pages=1)
Alloc page 122880 (# of extent=1 used pages=1 ref pages=1)
Alloc page 123136 (# of extent=1 used pages=1 ref pages=1)
Alloc page 123392 (# of extent=1 used pages=1 ref pages=1)
Alloc page 123648 (# of extent=1 used pages=1 ref pages=1)
Alloc page 123904 (# of extent=1 used pages=1 ref pages=1)
Alloc page 124160 (# of extent=1 used pages=1 ref pages=1)
Alloc page 124416 (# of extent=1 used pages=1 ref pages=1)
Alloc page 124672 (# of extent=1 used pages=1 ref pages=1)
Alloc page 124928 (# of extent=1 used pages=1 ref pages=1)
Alloc page 125184 (# of extent=1 used pages=1 ref pages=1)
Alloc page 125440 (# of extent=1 used pages=1 ref pages=1)
Alloc page 125696 (# of extent=1 used pages=1 ref pages=1)
Alloc page 125952 (# of extent=1 used pages=1 ref pages=1)
Alloc page 126208 (# of extent=1 used pages=1 ref pages=1)
Alloc page 126464 (# of extent=1 used pages=1 ref pages=1)
Alloc page 126720 (# of extent=1 used pages=1 ref pages=1)
Alloc page 126976 (# of extent=1 used pages=1 ref pages=1)
Alloc page 127232 (# of extent=1 used pages=1 ref pages=1)
Alloc page 127488 (# of extent=1 used pages=1 ref pages=1)
Alloc page 127744 (# of extent=1 used pages=1 ref pages=1)
Alloc page 128000 (# of extent=1 used pages=1 ref pages=1)
Alloc page 128256 (# of extent=1 used pages=1 ref pages=1)
Alloc page 128512 (# of extent=1 used pages=1 ref pages=1)
Alloc page 128768 (# of extent=1 used pages=1 ref pages=1)
Alloc page 129024 (# of extent=1 used pages=1 ref pages=1)
Alloc page 129280 (# of extent=1 used pages=1 ref pages=1)
Alloc page 129536 (# of extent=1 used pages=1 ref pages=1)
Alloc page 129792 (# of extent=1 used pages=1 ref pages=1)
Alloc page 130048 (# of extent=1 used pages=1 ref pages=1)
Alloc page 130304 (# of extent=1 used pages=1 ref pages=1)
Alloc page 130560 (# of extent=1 used pages=1 ref pages=1)
Alloc page 130816 (# of extent=1 used pages=1 ref pages=1)
Alloc page 131072 (# of extent=1 used pages=1 ref pages=1)
Alloc page 131328 (# of extent=1 used pages=1 ref pages=1)
Alloc page 131584 (# of extent=1 used pages=1 ref pages=1)
Alloc page 131840 (# of extent=1 used pages=1 ref pages=1)
Alloc page 132096 (# of extent=1 used pages=1 ref pages=1)
Alloc page 132352 (# of extent=1 used pages=1 ref pages=1)
Alloc page 132608 (# of extent=1 used pages=1 ref pages=1)
Alloc page 132864 (# of extent=1 used pages=1 ref pages=1)
Alloc page 133120 (# of extent=1 used pages=1 ref pages=1)
Alloc page 133376 (# of extent=1 used pages=1 ref pages=1)
Alloc page 133632 (# of extent=1 used pages=1 ref pages=1)
Alloc page 133888 (# of extent=1 used pages=1 ref pages=1)
Alloc page 134144 (# of extent=1 used pages=1 ref pages=1)
Alloc page 134400 (# of extent=1 used pages=1 ref pages=1)
Alloc page 134656 (# of extent=1 used pages=1 ref pages=1)
Alloc page 134912 (# of extent=1 used pages=1 ref pages=1)
Alloc page 135168 (# of extent=1 used pages=1 ref pages=1)
Alloc page 135424 (# of extent=1 used pages=1 ref pages=1)
Alloc page 135680 (# of extent=1 used pages=1 ref pages=1)
Alloc page 135936 (# of extent=1 used pages=1 ref pages=1)
Alloc page 136192 (# of extent=1 used pages=1 ref pages=1)
Alloc page 136448 (# of extent=1 used pages=1 ref pages=1)
Alloc page 136704 (# of extent=1 used pages=1 ref pages=1)
Alloc page 136960 (# of extent=1 used pages=1 ref pages=1)
Alloc page 137216 (# of extent=1 used pages=1 ref pages=1)
Alloc page 137472 (# of extent=1 used pages=1 ref pages=1)
Alloc page 137728 (# of extent=1 used pages=1 ref pages=1)
Alloc page 137984 (# of extent=1 used pages=1 ref pages=1)
Alloc page 138240 (# of extent=1 used pages=1 ref pages=1)
Alloc page 138496 (# of extent=1 used pages=1 ref pages=1)
Alloc page 138752 (# of extent=1 used pages=1 ref pages=1)
Alloc page 139008 (# of extent=1 used pages=1 ref pages=1)
Alloc page 139264 (# of extent=1 used pages=1 ref pages=1)
Alloc page 139520 (# of extent=1 used pages=1 ref pages=1)
Alloc page 139776 (# of extent=1 used pages=1 ref pages=1)
Alloc page 140032 (# of extent=1 used pages=1 ref pages=1)
Alloc page 140288 (# of extent=1 used pages=1 ref pages=1)
Alloc page 140544 (# of extent=1 used pages=1 ref pages=1)
Alloc page 140800 (# of extent=1 used pages=1 ref pages=1)
Alloc page 141056 (# of extent=1 used pages=1 ref pages=1)
Alloc page 141312 (# of extent=1 used pages=1 ref pages=1)
Alloc page 141568 (# of extent=1 used pages=1 ref pages=1)
Alloc page 141824 (# of extent=1 used pages=1 ref pages=1)
Alloc page 142080 (# of extent=1 used pages=1 ref pages=1)
Alloc page 142336 (# of extent=1 used pages=1 ref pages=1)
Alloc page 142592 (# of extent=1 used pages=1 ref pages=1)
Alloc page 142848 (# of extent=1 used pages=1 ref pages=1)
Alloc page 143104 (# of extent=1 used pages=1 ref pages=1)
Alloc page 143360 (# of extent=1 used pages=1 ref pages=1)
Alloc page 143616 (# of extent=1 used pages=1 ref pages=1)
Alloc page 143872 (# of extent=1 used pages=1 ref pages=1)
Alloc page 144128 (# of extent=1 used pages=1 ref pages=1)
Alloc page 144384 (# of extent=1 used pages=1 ref pages=1)
Alloc page 144640 (# of extent=1 used pages=1 ref pages=1)
Alloc page 144896 (# of extent=1 used pages=1 ref pages=1)
Alloc page 145152 (# of extent=1 used pages=1 ref pages=1)
Alloc page 145408 (# of extent=1 used pages=1 ref pages=1)
Alloc page 145664 (# of extent=1 used pages=1 ref pages=1)
Alloc page 145920 (# of extent=1 used pages=1 ref pages=1)
Alloc page 146176 (# of extent=1 used pages=1 ref pages=1)
Alloc page 146432 (# of extent=1 used pages=1 ref pages=1)
Alloc page 146688 (# of extent=1 used pages=1 ref pages=1)
Alloc page 146944 (# of extent=1 used pages=1 ref pages=1)
Alloc page 147200 (# of extent=1 used pages=1 ref pages=1)
Alloc page 147456 (# of extent=1 used pages=1 ref pages=1)
Alloc page 147712 (# of extent=1 used pages=1 ref pages=1)
Alloc page 147968 (# of extent=1 used pages=1 ref pages=1)
Alloc page 148224 (# of extent=1 used pages=1 ref pages=1)
Alloc page 148480 (# of extent=1 used pages=1 ref pages=1)
Alloc page 148736 (# of extent=1 used pages=1 ref pages=1)
Alloc page 148992 (# of extent=1 used pages=1 ref pages=1)
Alloc page 149248 (# of extent=1 used pages=1 ref pages=1)
Alloc page 149504 (# of extent=1 used pages=1 ref pages=1)
Alloc page 149760 (# of extent=1 used pages=1 ref pages=1)
Alloc page 150016 (# of extent=1 used pages=1 ref pages=1)
Alloc page 150272 (# of extent=1 used pages=1 ref pages=1)
Alloc page 150528 (# of extent=1 used pages=1 ref pages=1)
Alloc page 150784 (# of extent=1 used pages=1 ref pages=1)
Alloc page 151040 (# of extent=1 used pages=1 ref pages=1)
Alloc page 151296 (# of extent=1 used pages=1 ref pages=1)
Alloc page 151552 (# of extent=1 used pages=1 ref pages=1)
Alloc page 151808 (# of extent=1 used pages=1 ref pages=1)
Alloc page 152064 (# of extent=1 used pages=1 ref pages=1)
Alloc page 152320 (# of extent=1 used pages=1 ref pages=1)
Alloc page 152576 (# of extent=1 used pages=1 ref pages=1)
Alloc page 152832 (# of extent=1 used pages=1 ref pages=1)
Alloc page 153088 (# of extent=1 used pages=1 ref pages=1)
Alloc page 153344 (# of extent=1 used pages=1 ref pages=1)
Alloc page 153600 (# of extent=1 used pages=1 ref pages=1)
Alloc page 153856 (# of extent=1 used pages=1 ref pages=1)
Alloc page 154112 (# of extent=1 used pages=1 ref pages=1)
Alloc page 154368 (# of extent=1 used pages=1 ref pages=1)
Alloc page 154624 (# of extent=1 used pages=1 ref pages=1)
Alloc page 154880 (# of extent=1 used pages=1 ref pages=1)
Alloc page 155136 (# of extent=1 used pages=1 ref pages=1)
Alloc page 155392 (# of extent=1 used pages=1 ref pages=1)
Alloc page 155648 (# of extent=1 used pages=1 ref pages=1)
Alloc page 155904 (# of extent=1 used pages=1 ref pages=1)
Alloc page 156160 (# of extent=1 used pages=1 ref pages=1)
Alloc page 156416 (# of extent=1 used pages=1 ref pages=1)
Alloc page 156672 (# of extent=1 used pages=1 ref pages=1)
Alloc page 156928 (# of extent=1 used pages=1 ref pages=1)
Alloc page 157184 (# of extent=1 used pages=1 ref pages=1)
Alloc page 157440 (# of extent=1 used pages=1 ref pages=1)
Alloc page 157696 (# of extent=1 used pages=1 ref pages=1)
Alloc page 157952 (# of extent=1 used pages=1 ref pages=1)
Alloc page 158208 (# of extent=1 used pages=1 ref pages=1)
Alloc page 158464 (# of extent=1 used pages=1 ref pages=1)
Alloc page 158720 (# of extent=1 used pages=1 ref pages=1)
Alloc page 158976 (# of extent=1 used pages=1 ref pages=1)
Alloc page 159232 (# of extent=1 used pages=1 ref pages=1)
Alloc page 159488 (# of extent=1 used pages=1 ref pages=1)
Alloc page 159744 (# of extent=1 used pages=1 ref pages=1)
Alloc page 160000 (# of extent=1 used pages=1 ref pages=1)
Alloc page 160256 (# of extent=1 used pages=1 ref pages=1)
Alloc page 160512 (# of extent=1 used pages=1 ref pages=1)
Alloc page 160768 (# of extent=1 used pages=1 ref pages=1)
Alloc page 161024 (# of extent=1 used pages=1 ref pages=1)
Alloc page 161280 (# of extent=1 used pages=1 ref pages=1)
Alloc page 161536 (# of extent=1 used pages=1 ref pages=1)
Alloc page 161792 (# of extent=1 used pages=1 ref pages=1)
Alloc page 162048 (# of extent=1 used pages=1 ref pages=1)
Alloc page 162304 (# of extent=1 used pages=1 ref pages=1)
Alloc page 162560 (# of extent=1 used pages=1 ref pages=1)
Alloc page 162816 (# of extent=1 used pages=1 ref pages=1)
Alloc page 163072 (# of extent=1 used pages=1 ref pages=1)
Alloc page 163328 (# of extent=1 used pages=1 ref pages=1)
Alloc page 163584 (# of extent=1 used pages=1 ref pages=1)
Alloc page 163840 (# of extent=1 used pages=1 ref pages=1)
Alloc page 164096 (# of extent=1 used pages=1 ref pages=1)
Alloc page 164352 (# of extent=1 used pages=1 ref pages=1)
Alloc page 164608 (# of extent=1 used pages=1 ref pages=1)
Alloc page 164864 (# of extent=1 used pages=1 ref pages=1)
Alloc page 165120 (# of extent=1 used pages=1 ref pages=1)
Alloc page 165376 (# of extent=1 used pages=1 ref pages=1)
Alloc page 165632 (# of extent=1 used pages=1 ref pages=1)
Alloc page 165888 (# of extent=1 used pages=1 ref pages=1)
Alloc page 166144 (# of extent=1 used pages=1 ref pages=1)
Alloc page 166400 (# of extent=1 used pages=1 ref pages=1)
Alloc page 166656 (# of extent=1 used pages=1 ref pages=1)
Alloc page 166912 (# of extent=1 used pages=1 ref pages=1)
Alloc page 167168 (# of extent=1 used pages=1 ref pages=1)
Alloc page 167424 (# of extent=1 used pages=1 ref pages=1)
Alloc page 167680 (# of extent=1 used pages=1 ref pages=1)
Alloc page 167936 (# of extent=1 used pages=1 ref pages=1)
Alloc page 168192 (# of extent=1 used pages=1 ref pages=1)
Alloc page 168448 (# of extent=1 used pages=1 ref pages=1)
Alloc page 168704 (# of extent=1 used pages=1 ref pages=1)
Alloc page 168960 (# of extent=1 used pages=1 ref pages=1)
Alloc page 169216 (# of extent=1 used pages=1 ref pages=1)
Alloc page 169472 (# of extent=1 used pages=1 ref pages=1)
Alloc page 169728 (# of extent=1 used pages=1 ref pages=1)
Alloc page 169984 (# of extent=1 used pages=1 ref pages=1)
Alloc page 170240 (# of extent=1 used pages=1 ref pages=1)
Alloc page 170496 (# of extent=1 used pages=1 ref pages=1)
Alloc page 170752 (# of extent=1 used pages=1 ref pages=1)
Alloc page 171008 (# of extent=1 used pages=1 ref pages=1)
Alloc page 171264 (# of extent=1 used pages=1 ref pages=1)
Alloc page 171520 (# of extent=1 used pages=1 ref pages=1)
Alloc page 171776 (# of extent=1 used pages=1 ref pages=1)
Alloc page 172032 (# of extent=1 used pages=1 ref pages=1)
Alloc page 172288 (# of extent=1 used pages=1 ref pages=1)
Alloc page 172544 (# of extent=1 used pages=1 ref pages=1)
Alloc page 172800 (# of extent=1 used pages=1 ref pages=1)
Alloc page 173056 (# of extent=1 used pages=1 ref pages=1)
Alloc page 173312 (# of extent=1 used pages=1 ref pages=1)
Alloc page 173568 (# of extent=1 used pages=1 ref pages=1)
Alloc page 173824 (# of extent=1 used pages=1 ref pages=1)
Alloc page 174080 (# of extent=1 used pages=1 ref pages=1)
Alloc page 174336 (# of extent=1 used pages=1 ref pages=1)
Alloc page 174592 (# of extent=1 used pages=1 ref pages=1)
Alloc page 174848 (# of extent=1 used pages=1 ref pages=1)
Alloc page 175104 (# of extent=1 used pages=1 ref pages=1)
Alloc page 175360 (# of extent=1 used pages=1 ref pages=1)
Alloc page 175616 (# of extent=1 used pages=1 ref pages=1)
Alloc page 175872 (# of extent=1 used pages=1 ref pages=1)
Alloc page 176128 (# of extent=1 used pages=1 ref pages=1)
Alloc page 176384 (# of extent=1 used pages=1 ref pages=1)
Alloc page 176640 (# of extent=1 used pages=1 ref pages=1)
Alloc page 176896 (# of extent=1 used pages=1 ref pages=1)
Alloc page 177152 (# of extent=1 used pages=1 ref pages=1)
Alloc page 177408 (# of extent=1 used pages=1 ref pages=1)
Alloc page 177664 (# of extent=1 used pages=1 ref pages=1)
Alloc page 177920 (# of extent=1 used pages=1 ref pages=1)
Alloc page 178176 (# of extent=1 used pages=1 ref pages=1)
Alloc page 178432 (# of extent=1 used pages=1 ref pages=1)
Alloc page 178688 (# of extent=1 used pages=1 ref pages=1)
Alloc page 178944 (# of extent=1 used pages=1 ref pages=1)
Alloc page 179200 (# of extent=1 used pages=1 ref pages=1)
Alloc page 179456 (# of extent=1 used pages=1 ref pages=1)
Alloc page 179712 (# of extent=1 used pages=1 ref pages=1)
Alloc page 179968 (# of extent=1 used pages=1 ref pages=1)
Alloc page 180224 (# of extent=1 used pages=1 ref pages=1)
Alloc page 180480 (# of extent=1 used pages=1 ref pages=1)
Alloc page 180736 (# of extent=1 used pages=1 ref pages=1)
Alloc page 180992 (# of extent=1 used pages=1 ref pages=1)
Alloc page 181248 (# of extent=1 used pages=1 ref pages=1)
Alloc page 181504 (# of extent=1 used pages=1 ref pages=1)
Alloc page 181760 (# of extent=1 used pages=1 ref pages=1)
Alloc page 182016 (# of extent=1 used pages=1 ref pages=1)
Alloc page 182272 (# of extent=1 used pages=1 ref pages=1)
Alloc page 182528 (# of extent=1 used pages=1 ref pages=1)
Alloc page 182784 (# of extent=1 used pages=1 ref pages=1)
Alloc page 183040 (# of extent=1 used pages=1 ref pages=1)
Alloc page 183296 (# of extent=1 used pages=1 ref pages=1)
Alloc page 183552 (# of extent=1 used pages=1 ref pages=1)
Alloc page 183808 (# of extent=1 used pages=1 ref pages=1)
Alloc page 184064 (# of extent=1 used pages=1 ref pages=1)
Alloc page 184320 (# of extent=1 used pages=1 ref pages=1)
Alloc page 184576 (# of extent=1 used pages=1 ref pages=1)
Alloc page 184832 (# of extent=1 used pages=1 ref pages=1)
Alloc page 185088 (# of extent=1 used pages=1 ref pages=1)
Alloc page 185344 (# of extent=1 used pages=1 ref pages=1)
Alloc page 185600 (# of extent=1 used pages=1 ref pages=1)
Alloc page 185856 (# of extent=1 used pages=1 ref pages=1)
Alloc page 186112 (# of extent=1 used pages=1 ref pages=1)
Alloc page 186368 (# of extent=1 used pages=1 ref pages=1)
Alloc page 186624 (# of extent=1 used pages=1 ref pages=1)
Alloc page 186880 (# of extent=1 used pages=1 ref pages=1)
Alloc page 187136 (# of extent=1 used pages=1 ref pages=1)
Alloc page 187392 (# of extent=1 used pages=1 ref pages=1)
Alloc page 187648 (# of extent=1 used pages=1 ref pages=1)
Alloc page 187904 (# of extent=1 used pages=1 ref pages=1)
Alloc page 188160 (# of extent=1 used pages=1 ref pages=1)
Alloc page 188416 (# of extent=1 used pages=1 ref pages=1)
Alloc page 188672 (# of extent=1 used pages=1 ref pages=1)
Alloc page 188928 (# of extent=1 used pages=1 ref pages=1)
Alloc page 189184 (# of extent=1 used pages=1 ref pages=1)
Alloc page 189440 (# of extent=1 used pages=1 ref pages=1)
Alloc page 189696 (# of extent=1 used pages=1 ref pages=1)
Alloc page 189952 (# of extent=1 used pages=1 ref pages=1)
Alloc page 190208 (# of extent=1 used pages=1 ref pages=1)
Alloc page 190464 (# of extent=1 used pages=1 ref pages=1)
Alloc page 190720 (# of extent=1 used pages=1 ref pages=1)
Alloc page 190976 (# of extent=1 used pages=1 ref pages=1)
Alloc page 191232 (# of extent=1 used pages=1 ref pages=1)
Alloc page 191488 (# of extent=1 used pages=1 ref pages=1)
Alloc page 191744 (# of extent=1 used pages=1 ref pages=1)
Alloc page 192000 (# of extent=1 used pages=1 ref pages=1)
Alloc page 192256 (# of extent=1 used pages=1 ref pages=1)
Alloc page 192512 (# of extent=1 used pages=1 ref pages=1)
Alloc page 192768 (# of extent=1 used pages=1 ref pages=1)
Alloc page 193024 (# of extent=1 used pages=1 ref pages=1)
Alloc page 193280 (# of extent=1 used pages=1 ref pages=1)
Alloc page 193536 (# of extent=1 used pages=1 ref pages=1)
Alloc page 193792 (# of extent=1 used pages=1 ref pages=1)
Alloc page 194048 (# of extent=1 used pages=1 ref pages=1)
Alloc page 194304 (# of extent=1 used pages=1 ref pages=1)
Alloc page 194560 (# of extent=1 used pages=1 ref pages=1)
Alloc page 194816 (# of extent=1 used pages=1 ref pages=1)
Alloc page 195072 (# of extent=1 used pages=1 ref pages=1)
Alloc page 195328 (# of extent=1 used pages=1 ref pages=1)
Alloc page 195584 (# of extent=1 used pages=1 ref pages=1)
Alloc page 195840 (# of extent=1 used pages=1 ref pages=1)
Alloc page 196096 (# of extent=1 used pages=1 ref pages=1)
Alloc page 196352 (# of extent=1 used pages=1 ref pages=1)
Alloc page 196608 (# of extent=1 used pages=1 ref pages=1)
Alloc page 196864 (# of extent=1 used pages=1 ref pages=1)
Alloc page 197120 (# of extent=1 used pages=1 ref pages=1)
Alloc page 197376 (# of extent=1 used pages=1 ref pages=1)
Alloc page 197632 (# of extent=1 used pages=1 ref pages=1)
Alloc page 197888 (# of extent=1 used pages=1 ref pages=1)
Alloc page 198144 (# of extent=1 used pages=1 ref pages=1)
Alloc page 198400 (# of extent=1 used pages=1 ref pages=1)
Alloc page 198656 (# of extent=1 used pages=1 ref pages=1)
Alloc page 198912 (# of extent=1 used pages=1 ref pages=1)
Alloc page 199168 (# of extent=1 used pages=1 ref pages=1)
Alloc page 199424 (# of extent=1 used pages=1 ref pages=1)
Alloc page 199680 (# of extent=1 used pages=1 ref pages=1)
Alloc page 199936 (# of extent=1 used pages=1 ref pages=1)
Alloc page 200192 (# of extent=1 used pages=1 ref pages=1)
Alloc page 200448 (# of extent=1 used pages=1 ref pages=1)
Alloc page 200704 (# of extent=1 used pages=1 ref pages=1)
Alloc page 200960 (# of extent=1 used pages=1 ref pages=1)
Alloc page 201216 (# of extent=1 used pages=1 ref pages=1)
Alloc page 201472 (# of extent=1 used pages=1 ref pages=1)
Alloc page 201728 (# of extent=1 used pages=1 ref pages=1)
Alloc page 201984 (# of extent=1 used pages=1 ref pages=1)
Alloc page 202240 (# of extent=1 used pages=1 ref pages=1)
Alloc page 202496 (# of extent=1 used pages=1 ref pages=1)
Alloc page 202752 (# of extent=1 used pages=1 ref pages=1)
Alloc page 203008 (# of extent=1 used pages=1 ref pages=1)
Alloc page 203264 (# of extent=1 used pages=1 ref pages=1)
Alloc page 203520 (# of extent=1 used pages=1 ref pages=1)
Alloc page 203776 (# of extent=1 used pages=1 ref pages=1)
Alloc page 204032 (# of extent=1 used pages=1 ref pages=1)
Alloc page 204288 (# of extent=1 used pages=1 ref pages=1)
Alloc page 204544 (# of extent=1 used pages=1 ref pages=1)
Alloc page 204800 (# of extent=1 used pages=1 ref pages=1)
Alloc page 205056 (# of extent=1 used pages=1 ref pages=1)
Alloc page 205312 (# of extent=1 used pages=1 ref pages=1)
Alloc page 205568 (# of extent=1 used pages=1 ref pages=1)
Alloc page 205824 (# of extent=1 used pages=1 ref pages=1)
Alloc page 206080 (# of extent=1 used pages=1 ref pages=1)
Alloc page 206336 (# of extent=1 used pages=1 ref pages=1)
Alloc page 206592 (# of extent=1 used pages=1 ref pages=1)
Alloc page 206848 (# of extent=1 used pages=1 ref pages=1)
Alloc page 207104 (# of extent=1 used pages=1 ref pages=1)
Alloc page 207360 (# of extent=1 used pages=1 ref pages=1)
Alloc page 207616 (# of extent=1 used pages=1 ref pages=1)
Alloc page 207872 (# of extent=1 used pages=1 ref pages=1)
Alloc page 208128 (# of extent=1 used pages=1 ref pages=1)
Alloc page 208384 (# of extent=1 used pages=1 ref pages=1)
Alloc page 208640 (# of extent=1 used pages=1 ref pages=1)
Alloc page 208896 (# of extent=1 used pages=1 ref pages=1)
Alloc page 209152 (# of extent=1 used pages=1 ref pages=1)
Alloc page 209408 (# of extent=1 used pages=1 ref pages=1)
Alloc page 209664 (# of extent=1 used pages=1 ref pages=1)
Alloc page 209920 (# of extent=1 used pages=1 ref pages=1)
Alloc page 210176 (# of extent=1 used pages=1 ref pages=1)
Alloc page 210432 (# of extent=1 used pages=1 ref pages=1)
Alloc page 210688 (# of extent=1 used pages=1 ref pages=1)
Alloc page 210944 (# of extent=1 used pages=1 ref pages=1)
Alloc page 211200 (# of extent=1 used pages=1 ref pages=1)
Alloc page 211456 (# of extent=1 used pages=1 ref pages=1)
Alloc page 211712 (# of extent=1 used pages=1 ref pages=1)
Alloc page 211968 (# of extent=1 used pages=1 ref pages=1)
Alloc page 212224 (# of extent=1 used pages=1 ref pages=1)
Alloc page 212480 (# of extent=1 used pages=1 ref pages=1)
Alloc page 212736 (# of extent=1 used pages=1 ref pages=1)
Alloc page 212992 (# of extent=1 used pages=1 ref pages=1)
Alloc page 213248 (# of extent=1 used pages=1 ref pages=1)
Alloc page 213504 (# of extent=1 used pages=1 ref pages=1)
Alloc page 213760 (# of extent=1 used pages=1 ref pages=1)
Alloc page 214016 (# of extent=1 used pages=1 ref pages=1)
Alloc page 214272 (# of extent=1 used pages=1 ref pages=1)
Alloc page 214528 (# of extent=1 used pages=1 ref pages=1)
Alloc page 214784 (# of extent=1 used pages=1 ref pages=1)
Alloc page 215040 (# of extent=1 used pages=1 ref pages=1)
Alloc page 215296 (# of extent=1 used pages=1 ref pages=1)
Alloc page 215552 (# of extent=1 used pages=1 ref pages=1)
Alloc page 215808 (# of extent=1 used pages=1 ref pages=1)
Alloc page 216064 (# of extent=1 used pages=1 ref pages=1)
Alloc page 216320 (# of extent=1 used pages=1 ref pages=1)
Alloc page 216576 (# of extent=1 used pages=1 ref pages=1)
Alloc page 216832 (# of extent=1 used pages=1 ref pages=1)
Alloc page 217088 (# of extent=1 used pages=1 ref pages=1)
Alloc page 217344 (# of extent=1 used pages=1 ref pages=1)
Alloc page 217600 (# of extent=1 used pages=1 ref pages=1)
Alloc page 217856 (# of extent=1 used pages=1 ref pages=1)
Alloc page 218112 (# of extent=1 used pages=1 ref pages=1)
Alloc page 218368 (# of extent=1 used pages=1 ref pages=1)
Alloc page 218624 (# of extent=1 used pages=1 ref pages=1)
Alloc page 218880 (# of extent=1 used pages=1 ref pages=1)
Alloc page 219136 (# of extent=1 used pages=1 ref pages=1)
Alloc page 219392 (# of extent=1 used pages=1 ref pages=1)
Alloc page 219648 (# of extent=1 used pages=1 ref pages=1)
Alloc page 219904 (# of extent=1 used pages=1 ref pages=1)
Alloc page 220160 (# of extent=1 used pages=1 ref pages=1)
Alloc page 220416 (# of extent=1 used pages=1 ref pages=1)
Alloc page 220672 (# of extent=1 used pages=1 ref pages=1)
Alloc page 220928 (# of extent=1 used pages=1 ref pages=1)
Alloc page 221184 (# of extent=1 used pages=1 ref pages=1)
Alloc page 221440 (# of extent=1 used pages=1 ref pages=1)
Alloc page 221696 (# of extent=1 used pages=1 ref pages=1)
Alloc page 221952 (# of extent=1 used pages=1 ref pages=1)
Alloc page 222208 (# of extent=1 used pages=1 ref pages=1)
Alloc page 222464 (# of extent=1 used pages=1 ref pages=1)
Alloc page 222720 (# of extent=1 used pages=1 ref pages=1)
Alloc page 222976 (# of extent=1 used pages=1 ref pages=1)
Alloc page 223232 (# of extent=1 used pages=1 ref pages=1)
Alloc page 223488 (# of extent=1 used pages=1 ref pages=1)
Alloc page 223744 (# of extent=1 used pages=1 ref pages=1)
Alloc page 224000 (# of extent=1 used pages=1 ref pages=1)
Alloc page 224256 (# of extent=1 used pages=1 ref pages=1)
Alloc page 224512 (# of extent=1 used pages=1 ref pages=1)
Alloc page 224768 (# of extent=1 used pages=1 ref pages=1)
Alloc page 225024 (# of extent=1 used pages=1 ref pages=1)
Alloc page 225280 (# of extent=1 used pages=1 ref pages=1)
Alloc page 225536 (# of extent=1 used pages=1 ref pages=1)
Alloc page 225792 (# of extent=1 used pages=1 ref pages=1)
Alloc page 226048 (# of extent=1 used pages=1 ref pages=1)
Alloc page 226304 (# of extent=1 used pages=1 ref pages=1)
Alloc page 226560 (# of extent=1 used pages=1 ref pages=1)
Alloc page 226816 (# of extent=1 used pages=1 ref pages=1)
Alloc page 227072 (# of extent=1 used pages=1 ref pages=1)
Alloc page 227328 (# of extent=1 used pages=1 ref pages=1)
Alloc page 227584 (# of extent=1 used pages=1 ref pages=1)
Alloc page 227840 (# of extent=1 used pages=1 ref pages=1)
Alloc page 228096 (# of extent=1 used pages=1 ref pages=1)
Alloc page 228352 (# of extent=1 used pages=1 ref pages=1)
Alloc page 228608 (# of extent=1 used pages=1 ref pages=1)
Alloc page 228864 (# of extent=1 used pages=1 ref pages=1)
Alloc page 229120 (# of extent=1 used pages=1 ref pages=1)
Alloc page 229376 (# of extent=1 used pages=1 ref pages=1)
Alloc page 229632 (# of extent=1 used pages=1 ref pages=1)
Alloc page 229888 (# of extent=1 used pages=1 ref pages=1)
Alloc page 230144 (# of extent=1 used pages=1 ref pages=1)
Alloc page 230400 (# of extent=1 used pages=1 ref pages=1)
Alloc page 230656 (# of extent=1 used pages=1 ref pages=1)
Alloc page 230912 (# of extent=1 used pages=1 ref pages=1)
Alloc page 231168 (# of extent=1 used pages=1 ref pages=1)
Alloc page 231424 (# of extent=1 used pages=1 ref pages=1)
Alloc page 231680 (# of extent=1 used pages=1 ref pages=1)
Alloc page 231936 (# of extent=1 used pages=1 ref pages=1)
Alloc page 232192 (# of extent=1 used pages=1 ref pages=1)
Alloc page 232448 (# of extent=1 used pages=1 ref pages=1)
Alloc page 232704 (# of extent=1 used pages=1 ref pages=1)
Alloc page 232960 (# of extent=1 used pages=1 ref pages=1)
Alloc page 233216 (# of extent=1 used pages=1 ref pages=1)
Alloc page 233472 (# of extent=1 used pages=1 ref pages=1)
Alloc page 233728 (# of extent=1 used pages=1 ref pages=1)
Alloc page 233984 (# of extent=1 used pages=1 ref pages=1)
Alloc page 234240 (# of extent=1 used pages=1 ref pages=1)
Alloc page 234496 (# of extent=1 used pages=1 ref pages=1)
Alloc page 234752 (# of extent=1 used pages=1 ref pages=1)
Alloc page 235008 (# of extent=1 used pages=1 ref pages=1)
Alloc page 235264 (# of extent=1 used pages=1 ref pages=1)
Alloc page 235520 (# of extent=1 used pages=1 ref pages=1)
Alloc page 235776 (# of extent=1 used pages=1 ref pages=1)
Alloc page 236032 (# of extent=1 used pages=1 ref pages=1)
Alloc page 236288 (# of extent=1 used pages=1 ref pages=1)
Alloc page 236544 (# of extent=1 used pages=1 ref pages=1)
Alloc page 236800 (# of extent=1 used pages=1 ref pages=1)
Alloc page 237056 (# of extent=1 used pages=1 ref pages=1)
Alloc page 237312 (# of extent=1 used pages=1 ref pages=1)
Alloc page 237568 (# of extent=1 used pages=1 ref pages=1)
Alloc page 237824 (# of extent=1 used pages=1 ref pages=1)
Alloc page 238080 (# of extent=1 used pages=1 ref pages=1)
Alloc page 238336 (# of extent=1 used pages=1 ref pages=1)
Alloc page 238592 (# of extent=1 used pages=1 ref pages=1)
Alloc page 238848 (# of extent=1 used pages=1 ref pages=1)
Alloc page 239104 (# of extent=1 used pages=1 ref pages=1)
Alloc page 239360 (# of extent=1 used pages=1 ref pages=1)
Alloc page 239616 (# of extent=1 used pages=1 ref pages=1)
Alloc page 239872 (# of extent=1 used pages=1 ref pages=1)
Alloc page 240128 (# of extent=1 used pages=1 ref pages=1)
Alloc page 240384 (# of extent=1 used pages=1 ref pages=1)
Alloc page 240640 (# of extent=1 used pages=1 ref pages=1)
Alloc page 240896 (# of extent=1 used pages=1 ref pages=1)
Alloc page 241152 (# of extent=1 used pages=1 ref pages=1)
Alloc page 241408 (# of extent=1 used pages=1 ref pages=1)
Alloc page 241664 (# of extent=1 used pages=1 ref pages=1)
Alloc page 241920 (# of extent=1 used pages=1 ref pages=1)
Alloc page 242176 (# of extent=1 used pages=1 ref pages=1)
Alloc page 242432 (# of extent=1 used pages=1 ref pages=1)
Alloc page 242688 (# of extent=1 used pages=1 ref pages=1)
Alloc page 242944 (# of extent=1 used pages=1 ref pages=1)
Alloc page 243200 (# of extent=1 used pages=1 ref pages=1)
Alloc page 243456 (# of extent=1 used pages=1 ref pages=1)
Alloc page 243712 (# of extent=1 used pages=1 ref pages=1)
Alloc page 243968 (# of extent=1 used pages=1 ref pages=1)
Alloc page 244224 (# of extent=1 used pages=1 ref pages=1)
Alloc page 244480 (# of extent=1 used pages=1 ref pages=1)
Alloc page 244736 (# of extent=1 used pages=1 ref pages=1)
Alloc page 244992 (# of extent=1 used pages=1 ref pages=1)
Alloc page 245248 (# of extent=1 used pages=1 ref pages=1)
Alloc page 245504 (# of extent=1 used pages=1 ref pages=1)
Alloc page 245760 (# of extent=1 used pages=1 ref pages=1)
Alloc page 246016 (# of extent=1 used pages=1 ref pages=1)
Alloc page 246272 (# of extent=1 used pages=1 ref pages=1)
Alloc page 246528 (# of extent=1 used pages=1 ref pages=1)
Alloc page 246784 (# of extent=1 used pages=1 ref pages=1)
Alloc page 247040 (# of extent=1 used pages=1 ref pages=1)
Alloc page 247296 (# of extent=1 used pages=1 ref pages=1)
Alloc page 247552 (# of extent=1 used pages=1 ref pages=1)
Alloc page 247808 (# of extent=1 used pages=1 ref pages=1)
Alloc page 248064 (# of extent=1 used pages=1 ref pages=1)
Alloc page 248320 (# of extent=1 used pages=1 ref pages=1)
Alloc page 248576 (# of extent=1 used pages=1 ref pages=1)
Alloc page 248832 (# of extent=1 used pages=1 ref pages=1)
Alloc page 249088 (# of extent=1 used pages=1 ref pages=1)
Alloc page 249344 (# of extent=1 used pages=1 ref pages=1)
Alloc page 249600 (# of extent=1 used pages=1 ref pages=1)
Alloc page 249856 (# of extent=1 used pages=1 ref pages=1)
Alloc page 250112 (# of extent=1 used pages=1 ref pages=1)
Alloc page 250368 (# of extent=1 used pages=1 ref pages=1)
Alloc page 250624 (# of extent=1 used pages=1 ref pages=1)
Alloc page 250880 (# of extent=1 used pages=1 ref pages=1)
Alloc page 251136 (# of extent=1 used pages=1 ref pages=1)
Alloc page 251392 (# of extent=1 used pages=1 ref pages=1)
Alloc page 251648 (# of extent=1 used pages=1 ref pages=1)
Alloc page 251904 (# of extent=1 used pages=1 ref pages=1)
Alloc page 252160 (# of extent=1 used pages=1 ref pages=1)
Alloc page 252416 (# of extent=1 used pages=1 ref pages=1)
Alloc page 252672 (# of extent=1 used pages=1 ref pages=1)
Alloc page 252928 (# of extent=1 used pages=1 ref pages=1)
Alloc page 253184 (# of extent=1 used pages=1 ref pages=1)
Alloc page 253440 (# of extent=1 used pages=1 ref pages=1)
Alloc page 253696 (# of extent=1 used pages=1 ref pages=1)
Alloc page 253952 (# of extent=1 used pages=1 ref pages=1)
Alloc page 254208 (# of extent=1 used pages=1 ref pages=1)
Alloc page 254464 (# of extent=1 used pages=1 ref pages=1)
Alloc page 254720 (# of extent=1 used pages=1 ref pages=1)
Alloc page 254976 (# of extent=1 used pages=1 ref pages=1)
Alloc page 255232 (# of extent=1 used pages=1 ref pages=1)
Alloc page 255488 (# of extent=1 used pages=1 ref pages=1)
Alloc page 255744 (# of extent=1 used pages=1 ref pages=1)
Alloc page 256000 (# of extent=1 used pages=1 ref pages=1)
Alloc page 256256 (# of extent=1 used pages=1 ref pages=1)
Alloc page 256512 (# of extent=1 used pages=1 ref pages=1)
Alloc page 256768 (# of extent=1 used pages=1 ref pages=1)
Alloc page 257024 (# of extent=1 used pages=1 ref pages=1)
Alloc page 257280 (# of extent=1 used pages=1 ref pages=1)
Alloc page 257536 (# of extent=1 used pages=1 ref pages=1)
Alloc page 257792 (# of extent=1 used pages=1 ref pages=1)
Alloc page 258048 (# of extent=1 used pages=1 ref pages=1)
Alloc page 258304 (# of extent=1 used pages=1 ref pages=1)
Alloc page 258560 (# of extent=1 used pages=1 ref pages=1)
Alloc page 258816 (# of extent=1 used pages=1 ref pages=1)
Alloc page 259072 (# of extent=1 used pages=1 ref pages=1)
Alloc page 259328 (# of extent=1 used pages=1 ref pages=1)
Alloc page 259584 (# of extent=1 used pages=1 ref pages=1)
Alloc page 259840 (# of extent=1 used pages=1 ref pages=1)
Alloc page 260096 (# of extent=1 used pages=1 ref pages=1)
Alloc page 260352 (# of extent=1 used pages=1 ref pages=1)
Alloc page 260608 (# of extent=1 used pages=1 ref pages=1)
Alloc page 260864 (# of extent=1 used pages=1 ref pages=1)
Alloc page 261120 (# of extent=1 used pages=1 ref pages=1)
Alloc page 261376 (# of extent=1 used pages=1 ref pages=1)
Alloc page 261632 (# of extent=1 used pages=1 ref pages=1)
Alloc page 261888 (# of extent=1 used pages=1 ref pages=1)
Alloc page 262144 (# of extent=1 used pages=1 ref pages=1)
Alloc page 262400 (# of extent=1 used pages=1 ref pages=1)
Alloc page 262656 (# of extent=1 used pages=1 ref pages=1)
Alloc page 262912 (# of extent=1 used pages=1 ref pages=1)
Alloc page 263168 (# of extent=1 used pages=1 ref pages=1)
Alloc page 263424 (# of extent=1 used pages=1 ref pages=1)
Alloc page 263680 (# of extent=1 used pages=1 ref pages=1)
Alloc page 263936 (# of extent=1 used pages=1 ref pages=1)
Alloc page 264192 (# of extent=1 used pages=1 ref pages=1)
Alloc page 264448 (# of extent=1 used pages=1 ref pages=1)
Alloc page 264704 (# of extent=1 used pages=1 ref pages=1)
Alloc page 264960 (# of extent=1 used pages=1 ref pages=1)
Alloc page 265216 (# of extent=1 used pages=1 ref pages=1)
Alloc page 265472 (# of extent=1 used pages=1 ref pages=1)
Alloc page 265728 (# of extent=1 used pages=1 ref pages=1)
Alloc page 265984 (# of extent=1 used pages=1 ref pages=1)
Alloc page 266240 (# of extent=1 used pages=1 ref pages=1)
Alloc page 266496 (# of extent=1 used pages=1 ref pages=1)
Alloc page 266752 (# of extent=1 used pages=1 ref pages=1)
Alloc page 267008 (# of extent=1 used pages=1 ref pages=1)
Alloc page 267264 (# of extent=1 used pages=1 ref pages=1)
Alloc page 267520 (# of extent=1 used pages=1 ref pages=1)
Alloc page 267776 (# of extent=1 used pages=1 ref pages=1)
Alloc page 268032 (# of extent=1 used pages=1 ref pages=1)
Alloc page 268288 (# of extent=1 used pages=1 ref pages=1)
Alloc page 268544 (# of extent=1 used pages=1 ref pages=1)
Alloc page 268800 (# of extent=1 used pages=1 ref pages=1)
Alloc page 269056 (# of extent=1 used pages=1 ref pages=1)
Alloc page 269312 (# of extent=1 used pages=1 ref pages=1)
Alloc page 269568 (# of extent=1 used pages=1 ref pages=1)
Alloc page 269824 (# of extent=1 used pages=1 ref pages=1)
Alloc page 270080 (# of extent=1 used pages=1 ref pages=1)
Alloc page 270336 (# of extent=1 used pages=1 ref pages=1)
Alloc page 270592 (# of extent=1 used pages=1 ref pages=1)
Alloc page 270848 (# of extent=1 used pages=1 ref pages=1)
Alloc page 271104 (# of extent=1 used pages=1 ref pages=1)
Alloc page 271360 (# of extent=1 used pages=1 ref pages=1)
Alloc page 271616 (# of extent=1 used pages=1 ref pages=1)
Alloc page 271872 (# of extent=1 used pages=1 ref pages=1)
Alloc page 272128 (# of extent=1 used pages=1 ref pages=1)
Alloc page 272384 (# of extent=1 used pages=1 ref pages=1)
Alloc page 272640 (# of extent=1 used pages=1 ref pages=1)
Alloc page 272896 (# of extent=1 used pages=1 ref pages=1)
Alloc page 273152 (# of extent=1 used pages=1 ref pages=1)
Alloc page 273408 (# of extent=1 used pages=1 ref pages=1)
Alloc page 273664 (# of extent=1 used pages=1 ref pages=1)
Alloc page 273920 (# of extent=1 used pages=1 ref pages=1)
Alloc page 274176 (# of extent=1 used pages=1 ref pages=1)
Alloc page 274432 (# of extent=1 used pages=1 ref pages=1)
Alloc page 274688 (# of extent=1 used pages=1 ref pages=1)
Alloc page 274944 (# of extent=1 used pages=1 ref pages=1)
Alloc page 275200 (# of extent=1 used pages=1 ref pages=1)
Alloc page 275456 (# of extent=1 used pages=1 ref pages=1)
Alloc page 275712 (# of extent=1 used pages=1 ref pages=1)
Alloc page 275968 (# of extent=1 used pages=1 ref pages=1)
Alloc page 276224 (# of extent=1 used pages=1 ref pages=1)
Alloc page 276480 (# of extent=1 used pages=1 ref pages=1)
Alloc page 276736 (# of extent=1 used pages=1 ref pages=1)
Alloc page 276992 (# of extent=1 used pages=1 ref pages=1)
Alloc page 277248 (# of extent=1 used pages=1 ref pages=1)
Alloc page 277504 (# of extent=1 used pages=1 ref pages=1)
Alloc page 277760 (# of extent=1 used pages=1 ref pages=1)
Alloc page 278016 (# of extent=1 used pages=1 ref pages=1)
Alloc page 278272 (# of extent=1 used pages=1 ref pages=1)
Alloc page 278528 (# of extent=1 used pages=1 ref pages=1)
Alloc page 278784 (# of extent=1 used pages=1 ref pages=1)
Alloc page 279040 (# of extent=1 used pages=1 ref pages=1)
Alloc page 279296 (# of extent=1 used pages=1 ref pages=1)
Alloc page 279552 (# of extent=1 used pages=1 ref pages=1)
Alloc page 279808 (# of extent=1 used pages=1 ref pages=1)
Alloc page 280064 (# of extent=1 used pages=1 ref pages=1)
Alloc page 280320 (# of extent=1 used pages=1 ref pages=1)
Alloc page 280576 (# of extent=1 used pages=1 ref pages=1)
Alloc page 280832 (# of extent=1 used pages=1 ref pages=1)
Alloc page 281088 (# of extent=1 used pages=1 ref pages=1)
Alloc page 281344 (# of extent=1 used pages=1 ref pages=1)
Alloc page 281600 (# of extent=1 used pages=1 ref pages=1)
Alloc page 281856 (# of extent=1 used pages=1 ref pages=1)
Alloc page 282112 (# of extent=1 used pages=1 ref pages=1)
Alloc page 282368 (# of extent=1 used pages=1 ref pages=1)
Alloc page 282624 (# of extent=1 used pages=1 ref pages=1)
Alloc page 282880 (# of extent=1 used pages=1 ref pages=1)
Alloc page 283136 (# of extent=1 used pages=1 ref pages=1)
Alloc page 283392 (# of extent=1 used pages=1 ref pages=1)
Alloc page 283648 (# of extent=1 used pages=1 ref pages=1)
Alloc page 283904 (# of extent=1 used pages=1 ref pages=1)
Alloc page 284160 (# of extent=1 used pages=1 ref pages=1)
Alloc page 284416 (# of extent=1 used pages=1 ref pages=1)
Alloc page 284672 (# of extent=1 used pages=1 ref pages=1)
Alloc page 284928 (# of extent=1 used pages=1 ref pages=1)
Alloc page 285184 (# of extent=1 used pages=1 ref pages=1)
Alloc page 285440 (# of extent=1 used pages=1 ref pages=1)
Alloc page 285696 (# of extent=1 used pages=1 ref pages=1)
Alloc page 285952 (# of extent=1 used pages=1 ref pages=1)
Alloc page 286208 (# of extent=1 used pages=1 ref pages=1)
Alloc page 286464 (# of extent=1 used pages=1 ref pages=1)
Alloc page 286720 (# of extent=1 used pages=1 ref pages=1)
Alloc page 286976 (# of extent=1 used pages=1 ref pages=1)
Alloc page 287232 (# of extent=1 used pages=1 ref pages=1)
Alloc page 287488 (# of extent=1 used pages=1 ref pages=1)
Alloc page 287744 (# of extent=1 used pages=1 ref pages=1)
Alloc page 288000 (# of extent=1 used pages=1 ref pages=1)
Alloc page 288256 (# of extent=1 used pages=1 ref pages=1)
Alloc page 288512 (# of extent=1 used pages=1 ref pages=1)
Alloc page 288768 (# of extent=1 used pages=1 ref pages=1)
Alloc page 289024 (# of extent=1 used pages=1 ref pages=1)
Alloc page 289280 (# of extent=1 used pages=1 ref pages=1)
Alloc page 289536 (# of extent=1 used pages=1 ref pages=1)
Alloc page 289792 (# of extent=1 used pages=1 ref pages=1)
Alloc page 290048 (# of extent=1 used pages=1 ref pages=1)
Alloc page 290304 (# of extent=1 used pages=1 ref pages=1)
Alloc page 290560 (# of extent=1 used pages=1 ref pages=1)
Alloc page 290816 (# of extent=1 used pages=1 ref pages=1)
Alloc page 291072 (# of extent=1 used pages=1 ref pages=1)
Alloc page 291328 (# of extent=1 used pages=1 ref pages=1)
Alloc page 291584 (# of extent=1 used pages=1 ref pages=1)
Alloc page 291840 (# of extent=1 used pages=1 ref pages=1)
Alloc page 292096 (# of extent=1 used pages=1 ref pages=1)
Alloc page 292352 (# of extent=1 used pages=1 ref pages=1)
Alloc page 292608 (# of extent=1 used pages=1 ref pages=1)
Alloc page 292864 (# of extent=1 used pages=1 ref pages=1)
Alloc page 293120 (# of extent=1 used pages=1 ref pages=1)
Alloc page 293376 (# of extent=1 used pages=1 ref pages=1)
Alloc page 293632 (# of extent=1 used pages=1 ref pages=1)
Alloc page 293888 (# of extent=1 used pages=1 ref pages=1)
Alloc page 294144 (# of extent=1 used pages=1 ref pages=1)
Alloc page 294400 (# of extent=1 used pages=1 ref pages=1)
Alloc page 294656 (# of extent=1 used pages=1 ref pages=1)
Alloc page 294912 (# of extent=1 used pages=1 ref pages=1)
Alloc page 295168 (# of extent=1 used pages=1 ref pages=1)
Alloc page 295424 (# of extent=1 used pages=1 ref pages=1)
Alloc page 295680 (# of extent=1 used pages=1 ref pages=1)
Alloc page 295936 (# of extent=1 used pages=1 ref pages=1)
Alloc page 296192 (# of extent=1 used pages=1 ref pages=1)
Alloc page 296448 (# of extent=1 used pages=1 ref pages=1)
Alloc page 296704 (# of extent=1 used pages=1 ref pages=1)
Alloc page 296960 (# of extent=1 used pages=1 ref pages=1)
Alloc page 297216 (# of extent=1 used pages=1 ref pages=1)
Alloc page 297472 (# of extent=1 used pages=1 ref pages=1)
Alloc page 297728 (# of extent=1 used pages=1 ref pages=1)
Alloc page 297984 (# of extent=1 used pages=1 ref pages=1)
Alloc page 298240 (# of extent=1 used pages=1 ref pages=1)
Alloc page 298496 (# of extent=1 used pages=1 ref pages=1)
Alloc page 298752 (# of extent=1 used pages=1 ref pages=1)
Alloc page 299008 (# of extent=1 used pages=1 ref pages=1)
Alloc page 299264 (# of extent=1 used pages=1 ref pages=1)
Alloc page 299520 (# of extent=1 used pages=1 ref pages=1)
Alloc page 299776 (# of extent=1 used pages=1 ref pages=1)
Alloc page 300032 (# of extent=1 used pages=1 ref pages=1)
Alloc page 300288 (# of extent=1 used pages=1 ref pages=1)
Alloc page 300544 (# of extent=1 used pages=1 ref pages=1)
Alloc page 300800 (# of extent=1 used pages=1 ref pages=1)
Alloc page 301056 (# of extent=1 used pages=1 ref pages=1)
Alloc page 301312 (# of extent=1 used pages=1 ref pages=1)
Alloc page 301568 (# of extent=1 used pages=1 ref pages=1)
Alloc page 301824 (# of extent=1 used pages=1 ref pages=1)
Alloc page 302080 (# of extent=1 used pages=1 ref pages=1)
Alloc page 302336 (# of extent=1 used pages=1 ref pages=1)
Alloc page 302592 (# of extent=1 used pages=1 ref pages=1)
Alloc page 302848 (# of extent=1 used pages=1 ref pages=1)
Alloc page 303104 (# of extent=1 used pages=1 ref pages=1)
Alloc page 303360 (# of extent=1 used pages=1 ref pages=1)
Alloc page 303616 (# of extent=1 used pages=1 ref pages=1)
Alloc page 303872 (# of extent=1 used pages=1 ref pages=1)
Alloc page 304128 (# of extent=1 used pages=1 ref pages=1)
Alloc page 304384 (# of extent=1 used pages=1 ref pages=1)
Alloc page 304640 (# of extent=1 used pages=1 ref pages=1)
Alloc page 304896 (# of extent=1 used pages=1 ref pages=1)
Alloc page 305152 (# of extent=1 used pages=1 ref pages=1)
Alloc page 305408 (# of extent=1 used pages=1 ref pages=1)
Alloc page 305664 (# of extent=1 used pages=1 ref pages=1)
Alloc page 305920 (# of extent=1 used pages=1 ref pages=1)
Alloc page 306176 (# of extent=1 used pages=1 ref pages=1)
Alloc page 306432 (# of extent=1 used pages=1 ref pages=1)
Alloc page 306688 (# of extent=1 used pages=1 ref pages=1)
Alloc page 306944 (# of extent=1 used pages=1 ref pages=1)
Total (# of extent=3691 used pages=21153 ref pages=21124) in this database

 Statistical information for this run follows:
Total # of pages read = 19924 
Total # of pages found cache = 12198 
Total # of physical reads = 1463 
Total # of saved I/O = 6263 
DBCC execution completed. If DBCC printed error messages, contact a user with
System Administrator (SA) role.
Checking vpusers
Database 'vpusers' is not in single user mode - may find spurious allocation
problems due to transactions in progress.
***************************************************************
TABLE: sysobjects		OBJID = 1
INDID=1	 FIRST=1	 ROOT=8	 SORT=0
	Data level: 1.  24 Data pages allocated and 4 Extents allocated.
	Indid	  : 1.  1 Index pages allocated and 1 Extents allocated.
INDID=2	 FIRST=18	 ROOT=16	 SORT=0
	Indid	  : 2.  7 Index pages allocated and 1 Extents allocated.
TOTAL # of extents = 6
***************************************************************
TABLE: sysindexes		OBJID = 2
INDID=1	 FIRST=24	 ROOT=32	 SORT=0
	Data level: 1.  10 Data pages allocated and 2 Extents allocated.
	Indid	  : 1.  1 Index pages allocated and 1 Extents allocated.
TOTAL # of extents = 3
***************************************************************
TABLE: syscolumns		OBJID = 3
INDID=1	 FIRST=48	 ROOT=56	 SORT=0
	Data level: 1.  57 Data pages allocated and 8 Extents allocated.
	Indid	  : 1.  1 Index pages allocated and 1 Extents allocated.
TOTAL # of extents = 9
***************************************************************
TABLE: systypes		OBJID = 4
INDID=1	 FIRST=64	 ROOT=72	 SORT=0
	Data level: 1.  2 Data pages allocated and 1 Extents allocated.
	Indid	  : 1.  1 Index pages allocated and 1 Extents allocated.
INDID=2	 FIRST=80	 ROOT=80	 SORT=0
	Indid	  : 2.  1 Index pages allocated and 1 Extents allocated.
TOTAL # of extents = 3
***************************************************************
TABLE: sysprocedures		OBJID = 5
INDID=1	 FIRST=88	 ROOT=96	 SORT=0
	Data level: 1.  4005 Data pages allocated and 503 Extents allocated.
	Indid	  : 1.  100 Index pages allocated and 13 Extents allocated.
TOTAL # of extents = 516
***************************************************************
TABLE: syscomments		OBJID = 6
INDID=1	 FIRST=113	 ROOT=41	 SORT=1
	Data level: 1.  534 Data pages allocated and 68 Extents allocated.
	Indid	  : 1.  9 Index pages allocated and 2 Extents allocated.
TOTAL # of extents = 70
***************************************************************
TABLE: syssegments		OBJID = 7
INDID=0	 FIRST=120	 ROOT=120	 SORT=0
	Data level: 0.  1 Data pages allocated and 1 Extents allocated.
TOTAL # of extents = 1
***************************************************************
TABLE: syslogs		OBJID = 8
INDID=0	 FIRST=1055105	 ROOT=1096035	 SORT=0
	Data level: 0.  561 Data pages allocated and 71 Extents allocated.
TOTAL # of extents = 71
***************************************************************
TABLE: sysprotects		OBJID = 9
INDID=1	 FIRST=258	 ROOT=153	 SORT=1
	Data level: 1.  1 Data pages allocated and 1 Extents allocated.
	Indid	  : 1.  1 Index pages allocated and 1 Extents allocated.
TOTAL # of extents = 2
***************************************************************
TABLE: sysusers		OBJID = 10
INDID=1	 FIRST=160	 ROOT=168	 SORT=0
	Data level: 1.  1 Data pages allocated and 1 Extents allocated.
	Indid	  : 1.  1 Index pages allocated and 1 Extents allocated.
INDID=2	 FIRST=176	 ROOT=176	 SORT=0
	Indid	  : 2.  1 Index pages allocated and 1 Extents allocated.
INDID=3	 FIRST=184	 ROOT=184	 SORT=0
	Indid	  : 3.  1 Index pages allocated and 1 Extents allocated.
TOTAL # of extents = 4
***************************************************************
TABLE: sysalternates		OBJID = 11
INDID=1	 FIRST=192	 ROOT=200	 SORT=0
	Data level: 1.  1 Data pages allocated and 1 Extents allocated.
	Indid	  : 1.  1 Index pages allocated and 1 Extents allocated.
TOTAL # of extents = 2
***************************************************************
TABLE: sysdepends		OBJID = 12
INDID=1	 FIRST=216	 ROOT=224	 SORT=0
	Data level: 1.  21 Data pages allocated and 3 Extents allocated.
	Indid	  : 1.  1 Index pages allocated and 1 Extents allocated.
TOTAL # of extents = 4
***************************************************************
TABLE: syskeys		OBJID = 13
INDID=1	 FIRST=232	 ROOT=240	 SORT=0
	Data level: 1.  1 Data pages allocated and 1 Extents allocated.
	Indid	  : 1.  1 Index pages allocated and 1 Extents allocated.
TOTAL # of extents = 2
***************************************************************
TABLE: sysusermessages		OBJID = 15
INDID=1	 FIRST=249	 ROOT=209	 SORT=1
	Data level: 1.  1 Data pages allocated and 1 Extents allocated.
	Indid	  : 1.  1 Index pages allocated and 1 Extents allocated.
INDID=2	 FIRST=137	 ROOT=137	 SORT=1
	Indid	  : 2.  1 Index pages allocated and 1 Extents allocated.
TOTAL # of extents = 3
***************************************************************
TABLE: sysreferences		OBJID = 16
INDID=1	 FIRST=273	 ROOT=105	 SORT=1
	Data level: 1.  1 Data pages allocated and 1 Extents allocated.
	Indid	  : 1.  1 Index pages allocated and 1 Extents allocated.
INDID=2	 FIRST=265	 ROOT=265	 SORT=1
	Indid	  : 2.  1 Index pages allocated and 1 Extents allocated.
INDID=3	 FIRST=281	 ROOT=281	 SORT=1
	Indid	  : 3.  1 Index pages allocated and 1 Extents allocated.
TOTAL # of extents = 4
***************************************************************
TABLE: sysconstraints		OBJID = 17
INDID=1	 FIRST=305	 ROOT=297	 SORT=1
	Data level: 1.  1 Data pages allocated and 1 Extents allocated.
	Indid	  : 1.  1 Index pages allocated and 1 Extents allocated.
INDID=2	 FIRST=289	 ROOT=289	 SORT=1
	Indid	  : 2.  1 Index pages allocated and 1 Extents allocated.
TOTAL # of extents = 3
***************************************************************
TABLE: systhresholds		OBJID = 18
INDID=1	 FIRST=337	 ROOT=329	 SORT=1
	Data level: 1.  1 Data pages allocated and 1 Extents allocated.
	Indid	  : 1.  1 Index pages allocated and 1 Extents allocated.
TOTAL # of extents = 2
***************************************************************
TABLE: sysroles		OBJID = 19
INDID=1	 FIRST=353	 ROOT=345	 SORT=1
	Data level: 1.  1 Data pages allocated and 1 Extents allocated.
	Indid	  : 1.  1 Index pages allocated and 1 Extents allocated.
TOTAL # of extents = 2
***************************************************************
TABLE: sysattributes		OBJID = 21
INDID=1	 FIRST=369	 ROOT=361	 SORT=1
	Data level: 1.  1 Data pages allocated and 1 Extents allocated.
	Indid	  : 1.  1 Index pages allocated and 1 Extents allocated.
INDID=2	 FIRST=321	 ROOT=321	 SORT=1
	Indid	  : 2.  1 Index pages allocated and 1 Extents allocated.
INDID=255	 FIRST=145	 ROOT=145	 SORT=0
TOTAL # of extents = 3
***************************************************************
TABLE: syspartitions		OBJID = 22
INDID=1	 FIRST=401	 ROOT=393	 SORT=1
	Data level: 1.  1 Data pages allocated and 1 Extents allocated.
	Indid	  : 1.  1 Index pages allocated and 1 Extents allocated.
TOTAL # of extents = 2
***************************************************************
TABLE: bannedNames		OBJID = 16003088
INDID=1	 FIRST=385	 ROOT=377	 SORT=1
	Data level: 1.  1 Data pages allocated and 1 Extents allocated.
	Indid	  : 1.  2 Index pages allocated and 1 Extents allocated.
TOTAL # of extents = 2
***************************************************************
TABLE: configurationKeys		OBJID = 80003316
INDID=1	 FIRST=417	 ROOT=409	 SORT=1
	Data level: 1.  5 Data pages allocated and 1 Extents allocated.
	Indid	  : 1.  2 Index pages allocated and 1 Extents allocated.
INDID=2	 FIRST=561	 ROOT=561	 SORT=1
	Indid	  : 2.  2 Index pages allocated and 1 Extents allocated.
TOTAL # of extents = 3
***************************************************************
TABLE: deadNames		OBJID = 155147598
INDID=1	 FIRST=11161	 ROOT=11153	 SORT=1
	Data level: 1.  4 Data pages allocated and 1 Extents allocated.
	Indid	  : 1.  2 Index pages allocated and 1 Extents allocated.
TOTAL # of extents = 2
***************************************************************
TABLE: history		OBJID = 160003601
INDID=1	 FIRST=433	 ROOT=425	 SORT=1
	Data level: 1.  418 Data pages allocated and 53 Extents allocated.
	Indid	  : 1.  5 Index pages allocated and 1 Extents allocated.
TOTAL # of extents = 54
***************************************************************
TABLE: activityLog		OBJID = 189243729
INDID=1	 FIRST=537784	 ROOT=537835	 SORT=1
	Data level: 1.  167013 Data pages allocated and 20948 Extents allocated.
	Indid	  : 1.  146 Index pages allocated and 19 Extents allocated.
INDID=2	 FIRST=118584	 ROOT=115069	 SORT=1
	Indid	  : 2.  63885 Index pages allocated and 8017 Extents allocated.
INDID=3	 FIRST=125920	 ROOT=124303	 SORT=1
	Indid	  : 3.  86088 Index pages allocated and 10800 Extents allocated.
