257676|SweetBtch|rosap@in-tch.com|http://www.geocities.com/lrpaintshop/index.html|Lady Reds Paint_Play|15|Paint Shops
100102|kittyreb|kittyreb@hotmail.com|http://www.angelfire.com/hi5/kittyreb|Kitty's Place|25|Paint Shops
260051|Kierstin|krislee828@aol.com|http://www.geocities.com/kristena_98/Kpages.html|Kris's Pages|40|General
202235|_Misty_56|x_misty_x56@hotmail.com|http://www.geocities.com/xx_misty566_xx/MyLinks.html|Misty's Links|25|General
261024|_X_REDDOG_X_|dkdare75@hotmail.com|http://www.angelfire.com/empire/football0/ftbl.html|Football|25|General
200616|kowboy|kk@kowboy.com|http://kowboy.com/lab/|Computer Lab|25|General
205541|sassi|llsassyll@hotmail.com|http://www.graphicalalterationz.cjb.net|.|40|Paint Shops
201186|Lizza|lizza_@excite.com|http://members.vpchat.com/lizza/|A quiet place|25|General
201267|WebDreamss|thendri4@bellsouth.net|http://fireandthunder.homestead.com/FireAndThunderPaintShop.html|Fire And Thunder Paint Shop|40|Paint Shops
206515|_dixie_darlin|bamaangel1@hotmail.com|http://joeytempest1.0catch.com/never.html|NeverAgain|25|General
203842XJOZLYNXX|metlsandchick@aol.com|http://nokomis-gammon.com/TourneyRoom1.html|Nokomis Tourney Room 1|40|Game Rooms|X
206435|TonTon.|tonton2000_@hotmail.com|http://www.geocities.com/anotherbad_creation|´-.∞ An0ther Bad Creati0n ≤∫∫π ô  ∞.-ª|25|General
257204|niki7|davillas@earthlink.net|http://www.asecretplace.net/|A Secret Place|25|General
205463|chattergrrl|chattergrrl@rcn.com|http://www.c-fx.com/PaintShop|-.|40|Paint Shops
319174|passion.|angelarose34@hotmail.com|http://www.angelfire.com/wizard/andangie/walk_away.html|Love hurts in VP OR REAL|25|General
262556|tygerbre|tygerbree@yahoo.com|http://www.angelfire/ms3/toknowyou|To Know You|25|General
319094|xo-Justice-xo|sanruss@par1.net|http://www.angelfire.com/biz6/painting1|Freebird and Justice's Creations|40|Paint Shops
263288|earth-angel|rshonly@yahoo.com|http://www.angelfire.com/mi3/AngelsPlace|Angel's Place|25|General
258494|MrAngelOfLove|ipguard@bellsouth.net|http://www.angelfire.com/co/FLMAN/page2.html|A Window, A Kiss|25|General
259386|cate|catey2000@yahoo.com|http://www.geocities.com/catey2000/DOMINO.html|Cate's Crib |25|General
390768|-ll-Creed-II-|diamondpixx@aol.com|http://www.angelfire.com/mac/mna-links/|MNA Links|25|General
257686|candy797|bab@onebox.com|http://www.geocities.com/candy_0702000/falling-in-love.html|Candy's Romantic Pages|25|General
256958|mia|irresist@irresistible-creations.com|http://gossip-2002.cjb.net/|--- g o s s i p ---|25|Paint Shops
266759|MASTER-EDWORD|elw46@juno.com|http://cherylH5.homestead.com/Hero.html|Hero|25|General
256879|SirDeveau|smitty-pinkie@prodigy.net|http://www.angelfire.com/de3/sirdevspaintpalace/index.html|Sir Deveau's WWF Paint Palace|25|Paint Shops
320013|M_JDP|jkpar2@shaw.ca|http://www.geocities.com/cagbca/pleasure-palace.html|Pleasure Palace Music Rooms|25|General
201353|SirJman|sirjman@hotmail.com|http://www.chatconventions.com/GammonRealm.html|Gammon Realm for VP|40|Game Rooms
201435|Sammi|sammi008@hotmail.com|http://www.angelfire.com/games3/gammonaddicts/tourney1.html|Addicts Backgammon Tournament Room 1|40|Game Rooms
332153|imalilbrat|bratscreations@hotmail.com|http://www.angelfire.com/art2.bratscreations|Brats Creations|25|General
204822|romantic|romantic410@hotmail.com|http://www.chillypep.com/Blue/|Blue's Sensual Pages|25|General
202168|as-sure-as|thinkingboutu@hotmail.com|http://funnfriends.tripod.com|funNfriends Gammon|40|Game Rooms
204743|Buckshot|donr@proaxis.com|http://www.angelfire.com/fl5/nokomis/LOLTourneyRoom.html|Nokomis LOL Tourney Room|40|Game Rooms
265152|DanielW25|dwos4@aol.com|http://www.angelfire.com/hi3/dsneyfan|Daniel's Castle of Paint|25|Paint Shops (adult)
325660|Lil_DarkOne|slave1988@hotmail.com|http://www.angelfire.com/realm/Stormy/Pound/PoundsMusicRoom.html|~Pounds Music Rooms~|25|General
328252|Sir_Devil|webmaster@grieve.i-p.com|http://takethedare.tripod.com/avdesign.html|Take The Dare Av Design|40|Paint Shops
321386|-ll-Dasman-ll-|dagree@iinet.net.au|http://www.dagree.net/aussiefriends/index.html|Aussie Friends True Blue Paint Shop|40|Paint Shops
318371|III-Angel-III|hotlildevil17@hotmail.com|http://www.geocities.com/anngelkiss//NOGOODBYES.html|NoGoodByes|25|General
203937|stingray|ttamburini00@rogers.com|http://touchofelegance.ca/Rockinpaintshop.htm|RockinPaintshop|25|Paint Shops
204666|littlebit|littlebitiis@yahoo.com|http://www.geocities.com/gotmeto2/littlebits_InMyWorld.html|Littlebits_InMyWorld|40|Paint Shops
203695|true_gentalman|true_gentalman@hotmail.com|http://truegentalman.freewebspace.com/txpaintshop.htm|True_Gentalmans Tx Paintshop|40|Paint Shops
262645|Nick LaFine|nicolas13lafine@icqmail.com|http://frost-inc.tk|*Frost, Inc.* AV Shop|40|Paint Shops
259632|misty--angel|misty--angel@excite.com|http://www.geocites.com/angel_dove25/|angel dove paint shop|25|Paint Shops
318619|ImperiumMaster|otto@okum.com|http://www.okum.com/imp_castle/home.htm|Imperium Castle|40|D/s (adult)
256960|colstar|jshlick@hotmail.com|http://members.vpchat.com/colstar/MyRoomWithMyGirlie-Girl|Colstar's Hideway|25|General
323965|whitney41_|whitney41@htcomp.net|http://www.geocities.com/harleyhideaway/harleyhideaway.html|HarleyHideaway|40|Paint Shops
263458|Sissy44|mary_belfiore@hotmail.com|http://www.angelfire.com/pa4/shellyslinkpage/|Shellz Production|40|General
256881|haylo9|haylo_9@yahoo.com|http://katzpaintshop.tripod.com/|kat'z Paint Shop|25|Paint Shops
261599|maddog|maddog1331@hotmail.com|http://www.angelfire.com/mn3/tevs/Expressive_Designs_Paint_Studio.html|Expressive Designs Paint Studio|40|Paint Shops
265796|stoneheart|shirl@erinet.com|http://www.geocities.com/simply_creative_artists/Paintshop.html|Simply Creative Artists Paintshop|25|Paint Shops
200630|SMILEKORN|katrina00201@aol.com|http://nokomis-gammon.com|Nokomis Gammon|40|Game Rooms
203224|SexC|itiscindy@msn.com|http://xp0sed.cjb.net|-= xp0sed =-|40|Paint Shops
203225|LDGammonAddict|billing@crystalsofthemyst.com|http://www.mysticalgammon.com/tourneyroom1.html|GAMMON TOURNEY ROOM|40|Game Rooms
200715|Jake..|tobecca@earthlink.net|http://vpchat.com/home2|Complex Images|25|Paint Shops
202416|--Delight|itsmeisitu@yahoo.com|http://painterzone.topcities.com/|Alternate Ego's |25|Paint Shops
331433|devnull|eckotango@hotmail.com|http://mintsock.com/|mintsock.com - home of jeff and brittany|40|General
205721|Hatch|kf4tjd@bellsouth.net|http://www.angelfire.com/fl5/sinfulcreations/sinfulcreations.html|SifulCreations|25|Paint Shops
321632|side.effex.Z|side.effexz@hickorymail.com|http://www.vge-vp.com/|VGE GAMMON YAHTZEE AND PAINTZ IN HALSOFT|40|Game Rooms
260073|CCRider|desperado135@msn.com|http://www.geocities.com/ccrider154/CC.html?1016814794380|C.C. Rider's Chat Room|25|General
205560|marwalk1|marwalk1@hotmail.com|http://www.angelfire.com/tn2/mwalk/MarsExpressions.html|Mar's Expressions|25|General
260317|-x-dezyre-x-|v_ter_v@yahoo.com|http://www.angelfire.com/va3/innoynz/index.html|Surrender To Me Paintshop|40|D/s (adult)
259005|Leggzz|chrissyr6@hotmail.com|http://www.geocities.com/fascinations1/Paint_Studio.html|Fascination Paints|40|Paint Shops
321717|-_femmefatal_-|karen_2002@hotmail.com|http://sheerelegance.cjb.net/|sheer elegance paintshop|40|Paint Shops
320908|x_friskydude_x|auratus@madasafish.com|http://http://www.angelfire.com/games4/relaxgammon/|Relax gammon|40|Game Rooms
258034|-_dana_-|cnd@by-danawebdesigns.com|http://mmmembers.vpchat.com/--_dana_--//GesturesBy-Dana|GesturesBy-Dana|25|General
206459|_roxxy_1|moreno_40@hotmail.com|http://vitalconcepts.cjb.net|...|25|Paint Shops
386325|SkyAngel|lavendar@alltel.net|http://skyangel56.homestead.com/SkyAngelsPaintshop.html|SkyAngel's Paintshop|25|Paint Shops
263548|-ll-Shadowman-ll-|shadowman_str@hotmail.com|http://www.geocities.com/strfam2002/strpaint.html|str paintz|40|Paint Shops
319519|coyote_26|chowell70@attbi.com|http://www.geocities.com/coyote_26_2000/TLGW_Homepage.html|TLGW den|25|General
319197|T.ru|tslaven@sport.rr.com|http://angelfire.com/la3/trus/index|*~T.ru's Paintshop~*|25|Paint Shops
388902|Chardnnay_|chardnnay_@excite.com|http://www.geocities.com/charspages/CharsColors.html|"Chars Colors"|25|Paint Shops
257788|DoorofMidnight|blinkyatu@aol.com|http://www.angelfire.com/darkside/midnight7/index.html|Midnight's HS|15|Gor (adult)
320033|cj1955_|cj1955@peopleweb.com|http://www.angefire.com/ca7/cj1955/cjpaint3.html|CJ's Paintshop|25|Paint Shops
204041|Mina|relayer@blueblaze.net|http://members.vpchat.com/mina/index.htm|The Golden Rabbit Cafe|25|General
205016|-aleah-|pinky@mint.net|http://www.angelfire.com/me4/musicindexpage|Thor And Aleah's Caste Of Rock'N'Roll Music Pages|25|General
260161|sweet-temptation4-u|sweettemptation4u@hotmail.com|http://www.angelfire.com/me4/SweetTemptation/temptationpaints.html|Temptation Paints|40|Paint Shops
330550|BillieJean_30|billiejean2003@cstn.net|http://www.geocities.com/janetsrhythmnation/JanetsRhythmNationVPPaintShop1814.html|BillieJean's PaintShop|40|Paint Shops
205811|-x-phil-x-|faction@btinternet.com|http://www.pkdezinez.com|PKDEZiNEZ Avatar and Paint room|25|Paint Shops
203156|freaksofsociety|phreek_junkee@hotmail.com|http://legs_r_us.2ya.com/|Sexy doesnt mean being naked.Ver.1.0|25|General
200647|dilemma|dil_emma45@hotmail.com|http://justpaintznorulez.com|Just Paintz No Rulez|40|Paint Shops
205651|_BAD_|aclassylady33@hotmail.com|http://www.angelfire.com/ms/BAD/BadsLinks.html|BAD's Links|25|General
261055|-x-Kyla-x-|myaccounts2@rogers.com|http://www.pkdezinez.com/|PKDezinez Avatar and Paint Room|25|Paint Shops
204844|coolbrezzz|coolbrezzz@webworkz.com|http://coolbrezzz.tripod.com/vpneeds/|Vp Needs|40|General
319361|happyday_|happyday62@hotmail.com|http://www.geocities.com/friends_family_lovers_paintshop/phoenixfire.html?1004642978880|phoenixfire|25|Paint Shops
261934|dservn|dservn1@mediaone.net|http://www.angelfire.com/d20/vph/DA-Power-House.html|-=Power-House-PainTshop=-|40|Paint Shops
329408|-x-johanna-x-|johanna3447@hotmail.com|http://www.geocities.com/pubstreetone/pubstreetone.html|Pubstreet One Paints|40|Paint Shops
326573|starlite-_|xstarlitexx@yahoo.com|http://www.geocities.com/singingjim2000/|Jims Mood Room|25|General
257870|Jimm2|jimm2@home.com|http://members.vpchat.com/jimm2|Jimm's Paintshop|25|Paint Shops
389805|ahleah57|chall11@kscable.com|http://www.angelfire.com/ky3/magicalpaintshop/magical/Magical_Paintshop.htm|Magical Paintshop|25|Paint Shops
202271|side.effexZ|vge_brat@hotmail.com|http://vgegammon.tripod.com/|VGE GAMMON YAHTZEE AND PAINTZ IN HALSOFT|40|Game Rooms
260331|Paolina|angelkiagrace@hotmail.com|http://www.angelfire.com/ks2/tigerslair/TIGERS_LAIR_PAINTSHOP.html|TIGER'S LAIR PAINTSHOP|40|Paint Shops
201381|LadeeC4|ladeec4@chartermi.com|http://www.zennet.net/creativedesigns/crowsloft.htm|Crows Loft|25|General
202516|sexuallydisturbed|djtripp0@hotmail.com|http://evilsdeviant.topcities.com/Deviant_Designs.html|..|25|Paint Shops
205108|HeavenS__DeviL|dkg@rnet.com|http://www.geocities.com/halvpsummer/summertime.html|Summertime|25|General
201382|wanderin-spirit|wanderin_spirit@hotmail.com|http://www.angelfire.com/mt/spirit31/wanderin.html|Wanderin' Spirit|25|D/s (adult)
326025|L0UD0G|loudog_77@hotmail.com|http://www.delousions.cjb.net|Delousions Custom Avatars & Profiles|25|Paint Shops
257400|ChriS---TinA|livingmydreams@charter.net|http://www.angelfire.com/pop2/lollipop2|Lollipop Shoppe|25|Paint Shops
204930|user unavailable|dead_lesa@hotmail.com|http://user-err0r.cjb.net|user..err0r|40|Paint Shops (adult)
261066|Wind|eetj@swbell.net|http://www.geocities.com/kkat_x_1/OKCCHAT.html|Okla Chat|25|General
200658|poetic_irish_rose|dasoutherndawgs@charter.net|http://www.geocities.com/mad_dog_twenty_twenty//DOGHOUSE-GESTURES.html|DOGHOUSE GESTURES &and Paint MADE4U/u|25|Paint Shops
201469|mullet|charlie111163@mchsi.com|http://mulletsroom.cjb.net|Mullets Room|25|Paint Shops
316940|_.-MASSIVE-._|gotcha0511@msn.com|http://www.angelfire.com/art2/sensualdesigns|¬ª¬§¬´ ¬ßensual ¬§ √êesigns ¬ª¬§¬´|40|Paint Shops
200498|nicole.SA|ruby_tuesday4u@hotmail.com|http://nicoles.topcities.com|Nicoles Megas and More|25|General
257406|Lone_Wolf|lucky_797@hotmail.com|http://www.geocities.com/x_dances_with_wolves_x/LoneWolfsPaintNChat.html|Dances_With_Wolves|40|Paint Shops
258216|LadyRae123|ladyrae123@aol.com|http://www.angelfire.com/nv/sirjmans/GRLOLHomeTeamGammon.html|GAMMON REALM LOL HOME TEAM|40|Game Rooms
385611|sincerelyurs|tamika22274@hotmail.com|http://www.marilapoema1.com/SeducesMe.html|SeducesMeCelineDion|25|General
321739|gjean666|gjean666@excite.com|http://www.geocities.com/tisxi/dream.html|Dreaming...|25|General
205585|ONYX_1|acina@bellsouth.net|http://www.geocities.com/glory_wolf/thefoxden.html|The Fox Den|25|General
263645|Fuzzy|rafaelm3@prodigy.net|http://www.angelfire.com/on4/prissn1/Links.html|Priss's Easy Listening|25|General
203967|strawberrywine_2|strawberrywine_2@hotmail.com|http://www.geocities.com/strawberrywine_22000/Straws.html|Straw's Paint Shop|25|Paint Shops
317593|F.ire|fireeyes@cox-internet.com|http://www.geocities.com/firezstudio|Firez Artistic illusionz|25|Paint Shops
263486|morgan|wh0_0@hotmail.com|http://www.geocities.com/randysworks|Randy's Works|25|General
50093|AnJel|anjelw@bellsouth.net|http://members.vpchat.com/anjel|AnJel's Barber Shop|25|General
265984|lost.angel.brat|l3eaniesty@aol.com|http://thegrandillusion00.tripod.com/paintshop.htm|The Grand Illusion|40|Paint Shops
256994|Tamma|tamma@evenlink.com|http://www.angelfire.com/realm/chiodacamerius/CameriusHS.html|Camerius HS|25|Gor (adult)
204062|devil.in.disguise|silly_h0e81@hotmail.com|http://www.myleague.com/wcwwarzone/|WCW WAR ZONE|25|Game Rooms
201552|brandy|brandylkaylor@hotmail.com|http://thefix.vze.com|The Fix|40|Paint Shops
261312|_ThUnDeR_-|thunderwolf_73@hotmail.com|http://www.geocities.com/dmwolves/|DesertMoon|25|General
200905|sweetemptation|rhondalm@mediaone.net|http://www.angelfire.com/art2/completely/Designs3.html|~~ Completely Designs ~~|25|Paint Shops
203254|paulaAngel|pakay@systec.com|http://www.geocities.com/renpaulaps/PaintReservation|Renagade & Paula's Paint Reservation|25|Paint Shops
335023|midniteangel|kitchen38@hotmail.com|http://www.angelfire.com/mo3/eaglesmandy/brokenpromises.html|Broken Promises|25|General
202363|Tony|tonyb333@hotmail.com|http://members.shaw.ca/lras/oceanrealm/ocean.html|Ocean Realm|40|Game Rooms
320138|fede|ring_j@hotmail.com|http://www.geocities.com/faithy_vamp/LITEHOUSE.html|litehouse|25|General
202364|Suni|pepppr@hotmail.com|http://sunii.topcities.com/livingroom.html|Suni's Music Selections|25|General
323523|fants.|fantsie@hotmail.com|http://www.angelfire.com/darkside/cybercity|Cyber City|25|General
200747|gypsyrose|jagsie@palank.com|http://www.palank.com/cheers.htm|Cheers |40|General
202448|PhatKat|hallahan@home.com|http://www.girlnext2u.com|Girls Paintshop|25|Paint Shops
333327|sandkastles|kargo9@aol.com|http://www.geocities.com/sandkastles2002/MyCastle.html|SandKastles Poetry and Chat Hide Away|25|General
266241|access.denied.|true2u34@hotmail.com|http://www.pixel-n-fuzi0n.com/|Pixel N-FuZi0n |40|Paint Shops
200748|alabama|rodgersa@hiwaay.net|http://www.alabamaredd.com|Alabama's Music Links |25|D/s (adult)
205915|ll-QuietOne-ll|itsmajic3@yahoo.com|http://www.angelfire.com/hi5/angels_among_us|Angels Among Us Paint and Music Emporium|40|Paint Shops
204943|sweetangie|hottielove34@hotmail.com|http://www.angelfire.com/me4/3wishs/home.html|The Lover's House|40|General
200669|-munch-|billdamuncher@earthlink.net|http://the-circle.vze.com/|The Circle|25|Paint Shops
257094|Weezye|weezye@hotmail.com|http://happytrailspaintshop.homestead.com/HappyTrails.html|Weezye's Happy Trails|25|Paint Shops
317684|LadyWise|little_nellie@hotmail.com|http://www.angelfire.com/realm2/wise_manor/index.htm|Wise Manor|25|D/s (adult)
203898|n00kie.grrl|allibr00ke@hotmail.com|http://www.angelfire.com/grrl/perversionzzz/PerversionzzzPaintShop|..PerversionzzzPaintShop..|40|Paint Shops
259755|TheElf|rfietsam@cfl.rr.com|http://www.angelfire.com/mi/elfshelf/index.html|THE ELF SHELF|25|General
100084|Brumby|brumby_30@hotmail.com|http://members.vpchat.com/guide-rick/|Guide-Rick's Retreat|25|General
203260|coolchange|sjs522@aol.com|http://www.angelfire.com/ia/CoolsSolitude|coolchange's music room|25|General
201480|gstring.wedgie|michele_12345@hotmail.com|http://avxfr3aks.cjb.net|Freaks R Us|25|Paint Shops
200671|skye46|skye46__@hotmail.com|http://www.angelfire.com/nv/sirjmans/GRSpecialEventsGammon.html|GAMMON REALM SPECIAL EVENTS|40|Game Rooms
261242|-Jaz-|dougbence@msn.com|http://www.punky5.homestead.com/awhile.html|~It's been awhile ~|25|General
203346|-ll-Sugr-ll-|caguirre@mmcable.com|http://www.thehaven2001.com|The Haven|40|Paint Shops
263107|green  iiis|greeniiis@aol.com|http://members.aol.com/Greeniiis/Greeniiis1.html|GREEN IIIS WORLD|25|General
203347.treme_Dis.Order|incognito_xtreme@hotmail.com|http://incognito-paint.cjb.net|=-|¶|25|Paint Shops|X
260516|_mistyrose|ladystar_80@hotmail.com|http://www.angelfire.com/wa2/mistyrose/index.html|Misty Links|25|General
332283|iimikeii|wired_productionz@hotmail.com|http://www.wired-productionz.com/chat|Wired Productionz|40|Paint Shops
200757|-sir_magic..|sirmagic01@cs.com|http://paintshopforall.homestead.com/MagicPaints.html|Magic Paints|25|Paint Shops
204954|-x-grrrr-x- |lilgirl@maine.rr.com|http://www.angelfire.com/extreme3/vphelp0/|VpHelp/paint shop|40|Paint Shops
264714|deadmaninc|dead_man_inc22@hotmail.com|http://www.geocities.com/mnmpaints2002/SHOP.html|House Of Luv Paintshop & e-mail Contest site|25|Paint Shops
267308|honey_rose_|sunshine100795@hotmail.com|http://www.angelfire.com/ma4/honeyma.lynx1.html|Honey_Roses_ Link's|25|General
205767|minnzie|minnzie_@hotmail.com|http://www.circlepoets.com|Poetry Circle|25|General
205768|coffee115|coffee79@mediaone.net|http://www.angelfire.com/az2/Honeycomb/herheartisonlyhuman.html|Kaile & Blackie's Music Rooms|40|General
317694cassandraX|lastofthem@hotmail.com|http://www.geocities.com/cassandrapainter/|cassandra"s paintshop|40|Paint Shops|X
316965|_format|zigi@telusplanet.net|http://www.rosiewolf.com|Rosies|25|General
259846|margo69_2|margo_693@hotmail.com|http://karen89.homestead.com/margospaintroom.html|Margo' paint and chat room smiles|40|Paint Shops
202621|_lisalaw1_|lisalaw1_@hotmail.com|http://www.geocities.com/karmish55/kdmy...|Kdmysticshaven|25|General
205213|-.-Kelly-.-    |midnight133@hotmail.com|http://www.geocities.com/shiningstar3ca/StarsPaintshop.html|Stars Paintshop|25|Paint Shops
203432|Laurana|darkdesires_@hotmail.com|http://www.darkisle.net/|darkisle.net|40|Paint Shops
150215|freebird|waco_63@hotmail.com|http://sinzdomain.homestead.com/1.html|Sir Sinz's Domain|25|General
203190|_.xisle|lemme@charter.net|http://xisle.50megs.com|Artistic  Dezinez|25|Paint Shops
205053|master_Seasons|robinx@hotmail.com|http://www.outlawforest.com/outlawtavern.html|Outlaw Tavern|25|Gor (adult)
262222|xx_morgoth_xx|poacher@epix.net|www.geocities.com/Creative_Images_2002/Creative_Images_2002|Creative Images |40|Paint Shops
326051|GreenMan_9|brian_neary@hotmail.com|http://www.eternal-haven.net|~Eternal-Haven~|40|Paint Shops
325243|ll-FrostyBadBoi-ll|rowenslasher25@yahoo.co.uk|http://www.angelfire.com/pa5/angelinpa26/|Lashers N Rowans Kickazz Website|40|Paint Shops
201738|plex|corruptedsouls@hotmail.com|http://lcity.net||óLcity.netó||40|Paint Shops
266502|crystal._method|misty_rain_7@yahoo.com|http://www.angelfire.com/realm/desertoasis/oasis.html|Desert Oasis|40|Paint Shops
267071|chitboi|frenchy_84@yahoo.com|http://www.eternal-haven.net/index3.htm|Eternal Haven|25|General
259052|_-ariela-_|ariela_m@hotmail.com|http://ariela.freeservers.com/|ARIELA'S PLACE|25|General
325167|-l-ozzy-l-|roger_pen@msn.com|http://www.angelfire.com/darkside/nofuture/index.html||25|Paint Shops
259135|NiceGuyAl|niceguyal@excite.com|http://www.geocities.com/ez_listening/TendersOasis.html|Tender's Oasis|25|General
385644|Master-EternalTrust|thornton2@charter.net|http://masterthornton.bravepages.com/TheRealm.html|The Eternal Realm|25|D/s (adult)
317786|small_World|smalltowngirl99_99@yahoo.com|http://www.kreations-unlimited.com/|Kreations Unlimited|25|Paint Shops
201024|.b.rat|avstraight1@hotmail.com|http://www.angelfire.com/realm2/forbidden/|ForbiddenBrat Paintshop|25|Paint Shops
200215|Huts|huts196@aol.com|http://www.huts.com|Huts's Place|25|General
205140|-Crimmy-|krimsin_sorrow@hotmail.com|http://www.charmed-paints.net/PaintShop.html|Crimson And Blazes Charmed PaintShop|25|Paint Shops
201901|virus|jamesed.smith@verizon.net|http://members.vpchat.com/virus/|Southern Outlaw|40|General
205061|misty|tinkerbelle_ll@hotmail.com|http://www.angelfire.com/mi4/creation_station/paints.html|Creation Station|25|Paint Shops
320163|txwildman2|eddie@swpc.net|http://www.geocities.com/txwildman2001/index.html|txwildman's paint and gesture's|25|Paint Shops
200931|ll_star_ll|darlinglpc@yahoo.com|http://www.geocities.com/ll_star_ll/StarLinks.html|Star's Music Pages|25|General
202552|butterfly-kiss|djordan@chartertn.net|http:// www.angelfire.com/games3/gammonaddicts/LOL.html|Gammon Addicts LOL Backgammon Room|40|Game Rooms
326140|chains|jamminxxx@yahoo.com|http://www.geocities.com/rocket693/Palaceofpaints.html|Peachy's Palaceofpaints|25|Paint Shops
262232|angel_01_12_96|nikki@dcsi.net.au|http://www.geocities.com/downundergames/ozgammon|oz gammon|25|Game Rooms
150067|anna|webmaster@ravette.com|http://www.angelfire.com/yt/CoM|Council of Masters|25|Gor (adult)
201826|Pookie..|Pookie_0003@hotmail.com|http://www.sandyncandy.com|Sandy & Candys Playroom & PSP Classroom|40|Paint Shops
262235|_Mandy-|s_krzan@hotmail.com|http://www.geocities.com/chillersxxxx/chill_paints.html|Chill Paints|25|Paint Shops
150068|sartor|mastersartor@hotmail.com|http://www.geocities.com/avkorner/Welcome.html|Sartoria Av Korner|25|Paint Shops (adult)
205941|angelgirl|heavensent31@hotmail.com|http://dspaintnchat.homestead.com/DsPaintNChat.html|D/s Paint-N-Chat|40|Paint Shops
204259|--rain..|karen__p@hotmail.com|http://members.vpchat.com/--rain..//|Panache Graphics Paint Studio|40|Paint Shops
257523|otter|taboo@ottermania.com|http://simplicitydesigns.cjb.net|Simplicity Designs Studio|40|Paint Shops
204973|tina__hou|tina_hou@hotmail.com|http://www.sandyncandy.com/ALTered/|***ALTered IMages|25|Paint Shops (adult)
318841|Draven|webmaster@dravenshire.zzn.com|http://dravenshire.net|Dravenshire|25|General
318762|.pookie|pookeybayr@aol.com|http://p00kie.50megs.com/pookie/|-|25|General
387514|-obsidianbuterfly-|ngoff@cfl.rr.com|http://angelfire.com/fl5/explisid_creationz|Ex pli Sid Creationz|40|Paint Shops
257368-Bill|larry1@starband.net|http://www.geocities.com/x_bill2001/DontStopLovingMe.html|Don't Stop Loving Me|15|General|X
259944|_commanche-spirit|e.marysal@verizon.net|http://www.angelfire.com/pe2/SpiritEagle/x.html|Wing's Paintshop|25|Paint Shops
200144|Carille|carille@ameritech.net|http://members.vpchat.com/carille//DsGlory.htm|D/s Glory|25|D/s (adult)
206204X-bullrider-XX2002|eddie99@chartertn.net|http://www.geocities.com/tfanofbraves/paintshop.html|bullriderpaintshop|25|Paint Shops|X
203531|Gem.of.Fire|save_jen@hotmail.com|http://www.graphic-contest.com|Graphic Proficiency Deathmatch|40|Paint Shops
200147|baedon|baedon@skamania.net|http://members.vpchat.com/baedon/lds.html|LDS Chat Room|25|General
202641|kidd0|joebloessister@hotmail.com|http://members.fortunecity.com/elusionary/main1.htm|Elusion's Photoshop Tut's|40|Paint Shops
201591|cowgirl_diamond|baby227@bellsouth.net|http://members.vpchat.com/lucky4/Luckys-Room|Lucky's Room|25|General
263136|pearl1_|sarassmile@hotmail.com|http://members.vpchat.com/pearl1_/|http|15|Explicit (adult)
203458|arman|shafazand1@hotmail.com|http://members.vpchat.com/mr.k4464./Mr-K4464-Tourney.html|Mr.Kause's Tourney|40|Game Rooms
260385|Kissabilities|kissitos2001@yahoo.com|http://www.mictlan1.cjb.net/|Mictlan & Kissitos' Paintshop|40|Paint Shops
267171|FancyLove|fancylove42@hotmail.com|http://www.fancylovezone.com/|Lovesnest Paintstudios|40|Paint Shops
321783|crazyv|crazyv@telia.com|http://www.angelfire.com/ok3/RnRland5/index.html://|painters_alliance|25|Paint Shops
259071|santana|jws25@accucomm.net|http://fly.to/santana_creations|Santana Creations|25|Paint Shops
265552|1badhabit|onebadhabit@hotmail.com|http://www.angelfire.com/ct3/charlibelle/|Belle's Artistic Realm|25|Paint Shops
329624|deb_ga_|georgia_angel_721@hotmail.com|http://www.geocities.com/georgia_angel_721/Deb_n_Grays_PaintShop.html|Deb_n_Grays_PaintShop|25|Paint Shops
264825|Redrust_|redrust1@excite.com|http://www.geocities.com/spaterrock/spater.html|Spater|25|General
267417|_poohsbear|wdrumm@hotmail.com|http://www.geocities.com/ladyunbreakmyheart2002/PAINTERSPAGE.html|Crystals Creations Paintshop|25|Paint Shops
316991|Victor.Van.Dein|wflh@hotmail.com|http://www.wooden-wonderz.cjb.net|Wooden Wonderz Fine Furnishings|40|General
257537|Sean_Kasey|dataloor@hotmail.com|http://www.geocities.com/keith4love/HaveYouEver.html|Have You Ever|25|D/s (adult)
328819|dune|chill_n2u@yahoo.com|http://tab25.homestead.com/heavenlybodyzz.html|Heavenly Bodyzz Paintz|25|Paint Shops
262886|starfox2000|starfox95@hotmail.com|http://www.angelfire.com/ct2/starfox/FoxDen.html|Fox Den|25|General
388099|----_LordSable_----|lord_lady_sable@hotmail.com|http://www.geocities.com/therealmpaints/|The Realm Paints|25|Paint Shops
202010|walt143|oceanspirit143@hotmail.com|http://www.angelfire.com/on3/oceanspirits|Spirit's Links|25|General
201202|lovetouches|novinecass@aol.com|http://Lovetouchesfarawayplacesjpgs|Happy Room|25|General
200150|_rollergirl_|rollergirl_vp@msn.com|http://http://members.vpchat.com/_rollergirl_//index.html|Rollerz Disco|25|Paint Shops (adult)
200153|Quik|quik10@shaw.ca|http://precnquik.homestead.com/PandQHome.html|PrecandQuik Paint Room|25|Paint Shops
204512|sweety7447|lisamarie1047@aol.com|http://www.geocities.com/reflections_paintshop/Reflections_Of_You.html|Reflections Of You|40|Paint Shops
204434|-lll-dallas-lll-|angela_tx00@hotmail.com|http://www.angelfire.com/nc3/vpdt/vpdt.html|¥Ø`∞ª¶´-VPDT-ª¶´∞¥Ø`|40|General
262250Robert116|bobec4@hotmail.com|http://www.geocities.com/ootwwp/shop2.html|World Av Designz|40|Paint Shops|X
203706|_hotter_babe|hotter_babe1@yahoo.com|http://www.angelfire.com/nc3/blacky9/LovingTouchesPaintshop.html|Loving Touches Paintshop|25|Paint Shops
202653|atmaraangel|atmaraangel@birthofanangel.com|http://www.birthofanangel.com/atmara.html|Angels of Peace Paint Shop|15|Paint Shops
261360|Stormy_DarkWolf|stormy@pacer.com|http://www.angelfire.com/tx3/Stormy/index.html|The Realm Of Dreams|25|General
261604|te.mp.ted|i_st0rm_i@hotmail.com|http://www.angelfire.com/wy2/justicegraphics/JusticesDangerZone.html|~~~~~The Danger Zone~~~~~|40|Paint Shops
206218|guslady|guslady@excite.com|http://members.vpchat.com/guslady/SoapOperasThePlaceToBe|Soap Operas The Place To Be|25|General
203385|-ii-katana-ii-|klatterkat2000@yahoo.com|http://darkestnight.homestead.com/vpshop.html|Gesture Shop|25|Paint Shops
202818|Mercury9510|bugg3@earthlink.net|http://www.homestead.com/LouisianaLady1/Sunset_Paint_Shop.html|Sunset Paint Shop|25|Paint Shops
262417|-l-_Deirdre_-I-|ria_gunn@msn.com|http://www.angelfire.com/tx5/kereas_creations/Wolves_of_Untamed_Hearts.html|Wolves Of Untamed Hearts - WoUH|25|General
202738|girlnext-to-u|sfelix@prodigy.net|http://www.girlnext-to-u.com|Girls Paint Shop|25|Paint Shops
200956|stylinjo|stylinjo@excite.com|http://www.geocities.com/stylinjospaintnchat/index.html|stylinjo's paint-n-chat|25|Paint Shops
205169x_SHADDOW_xX|shaddowwolf1@hotmail.com|http://shaddowwolf1.homestead.com/new_creations_paintshop.html|New Creations Paintshop|25|Paint Shops|X
204197|ronda-4-U|rondalafever@hotmail.com|http://touchofelegance.ca/|Rockinpaintshop.htm|25|Paint Shops
262176|x-scott-x|slfkn@bak.rr.com|http://ScottandMissysPaintShope.homestead.com/ScottandMissysPaintShop.html|Scott & Missys|25|Paint Shops
257460|Vel|donna32420@hotmail.com|http://www.angelfire.com/ct2/KassarKamp/index.html|Kassar Kamp|25|Gor (adult)
260395|lil.magic.|lori_sbeck@hotmail.com|http://www.aplusvision.com/magic/magic.html|Magical Paints|25|Paint Shops
259324|DORIS99|doris99@mailcity.com|http://members.vpchat.com/doris99/|friendly ocean |40|General
262970|wolf_venom|becca_me0@yahoo.com|http://geocities.com/wosvden/|WOSV DEN|40|General
264672|Loweman1|macq@advertisnet.com|http://lowemac.homestead.com/nextday.html|Loweman..The Next Day|25|General
261289|boltman|boltman@darkgift.com|http://www.darkgift.com|Darkgift|25|General
330787|ayla|veracrtny@aol.com|http://www.angelfire.com/oh4/EnchantedValley/WishingWell.html|Wishing Well Links Page|40|General
318943|leilani|lonerider_55@hotmail.com|http://academy.vze.com/|kajir Academy|25|Gor (adult)
259409|jazzminrose|sammy_love10@yahoo.com|http://www.angelfire.com/tx5/visualreflections/index.html|Visualreflections Paintshop|40|Paint Shops
257709|mylia-DW|mylia__@hotmail.com|http://www.angelfire.com/poetry/dreamweaver/TheWeaver.html|The Weaver's Home Stone|25|Gor (adult)
257548|_.-lonelyangel4u-._|asweetgirl4u1@aol.com|http://www.geocities.com/huhn666/MyShop.html|MyShop|25|Paint Shops
257387|-ii-venlafaxine-ii-|loverbear_4u@hotmail.com|http://ii-venlafaxine-ii.tripod.com/TLOWSEpaintshop.html|TLOWSE paintshop|25|Paint Shops
259881|Queen_Lystra|ewoodard11@home.com|http://www.angelfire.com/la3/eyesla/cancersupport.html|Cancer Support For Friends|25|General
318949|gypsyangel69|green_butterfly_tears@hotmail.com|http://www.angelfire.com/goth/gypsyangels|GypsyAngels Paints|40|Paint Shops
200081|Breze|breze5@hotmail.com|http://www.geocities.com/imagine.htm|Imagine|25|General
203630|GMC|cschrader@sault.com|http://newskinpaintshoppe.homestead.com|GMC's New Skin Paint Shop|25|Paint Shops
202663|roseoftralee|roseoftralee3@home.com|http://gardenofrosespaintshop.homestead.com/GardenOfRoses.html|Garden Of Roses Paint Shop|25|Paint Shops
319042|Suzy|br0ken71@hotmail.com|http://br0kenavz.cjb.net|Br0ken Av DeSigns|25|Paint Shops
200881|juss-ann|annhere42@hotmail.com|http://www.geocities.com/anns_dream2001/INDEX.com|juss-anns links page|25|General
203394|wingz|wingz@chartermi.net|http://www.wickedcreations.net|Wicked Creations|25|General
205177|_-WikEdAngL-_|angelppfffttt@hotmail.com|http://www.wikedangl.i8.com/av.htm|...|40|Paint Shops
202828|methyos|dougandmima@shaw.ca|http://www.methyos.com/talktothewind.html|Talk to|25|General
267511|hellfire_48|xxhellfire48@aol.com|http://http://xxhellfire48.homestead.com/AVATARWERXbyHELLFIRE48.html|AVATARWERXbyHellfire48|40|Paint Shops
200885|edt46m|edt48@bellsouth.net|http://geocities.com/edt48/VP-GAME-ROOM.html|VP Game Room   or edt's VP Game room|25|Game Rooms
260566|-_-Just-_-|justthetwo2@aol.com|http://www.angelfire.com/super2/blueeyez/|BlueEyez_Coolzone|40|Paint Shops
331928|voodoowho|gatliff2@knology.net|http://www.angelfire.com/ga3/VooDoo|VooDoo Paint Shop|25|Paint Shops
388350|bloozey_|verenabloo@hotmail.com|http://members.tripod.com/~verenabloo/castle.html|Bloozeys Poetry and Chat Place|25|General
257392|Blondie-1|drgreeneyes@msn.com|http://www.geocities.com/drblondie_2/|That's Just Jessie|25|General
388355|Sir-Lancelot|whitewolf_54476@hotmail.com|http://kingdomofcamelot.net/|Kingdom of Camelot|25|General
200091|jc_gold|jcgold@101freeway.com|http://solo2.abac.com/jcgold/home/homepage.html|JC_Gold's Avatars|25|General
323034|vV____Duchess____Vv|evilpixiegrin@hotmail.com|http://www.digitalvampyre.com|Digital Vampyre|40|General
203642|Razorback-1|jwaters@insight.rr.com|http://razorUS48.homestead.com/RazorsIndex.html|Razors Index|25|General
260731|DJEJ|sogent@clearwave.ws|http://www.downunderpaintshop.com|downunder|25|
200098|tom|excitom@hotmail.com|http://members.vpchat.com/tasha_jjp/Tashas-Tourney.html|Tasha's Tourney Room|40|Game Rooms
203726|NIghtProwler|shaydon33@hotmail.com|http://geocities.com/rwpden|Renegade Wolves Of Peace|40|General
203646|Pam|pamkcates@hotmail.com|http://www.angelfire.com/games3/gammonaddicts/tourney2.html|Addicts Backgammon Tournament Room 2|40|Game Rooms
200973|ladysara|ladysara@excite.com|http://www.ladysara.com/slavetoyourdesires|Slave to YOUR Desires Paintshop|40|Paint Shops
331851|1wildrose38|redrosey1@hotmail.com|http://www.kowboy.com/wildrose/|Wildrose|25|D/s (adult)
327235|lady4u1|eledford37@hotmail.com|http://superman32.tripod.com/erika.html|ERIKA  |25|General
317274|Trev|vshane@att.net|http://www.victoria-online.org/trevor/quietplaces/beachbynight.html|Beach By Night|40|General
329730|ette|anoni@bellsouth.net|http://www.angelfire.com/art/bodypaints/bywrex&ette.html|Body Paints|25|Paint Shops
266634|enigma_Gal|redheadedinmo@hotmail.com|http://www.lord-jereth.com/Whiplash_Castle/|Whiplash Castle|25|D/s (adult)
258291|captain|viper@combatsimulations.com|http://vipergc.com/links.html|Vipers Links|40|General
322867|artistic.deceptionz|terry__brown@hotmail.com|http://dodgycat.tripod.com/AV/frameset.htm|Devoted To Avatars|25|Paint Shops
259427|jodyangel|joisy_goil@hotmail.com|http://www.angelfire.com/nj4/jodyangels_music|Jodyangels Place|25|General
264693|nightchills|k9sr@hotmail.com|http://www.angelfire.com/me4/nightsplace|Night's Place|25|General
327954|jurnee00|jfharris00@worldnet.att.net|http://www.angelfire.com/music3/islanduntomyself/hello.html|YOU HAD ME FROM HELLO|25|General
205988|indigo|nspite@hotmail.com|http://crosswindsdepot.cjb.net|.|25|Paint Shops
200501|_blokhead|blokhead@adelphia.net|http://conceptualdesignz.net|-=- Conceptual Designz -=-|25|Paint Shops
201234|S.ky..|skydancer9@hotmail.com|http://www.geocities.com/skydancer20002001/|Skydancer's Home|25|General
200426|hd-biker|wons777@home.com|http://members.vpchat.com/hd-biker/|Harley Davidson|40|General
203570|blackie_|culprit@videotron.ca|http://www.angelfire.com/extreme3/dark_forces|DarkForces Paintshop|40|Paint Shops
326431|_Lord_Wolf_|lordwolf40216@yahoo.com|http://www.geocities.com/emt1181//Lord_Wolf_Paint.html|Lord_Wolf Paint Shop|25|Paint Shops
206327|blondie--f|breslin1@ameritech.net|http://www.angelfire.com/stars3/starflight/index.html|Keeper Of The Stars Paintroom|40|Paint Shops
202845|Frenchie|plz_write@hotmail.com|http://megas.netfirms.com/index.html|40ies are hot|40|General
330096|final..|trickedout@earthlink.net|http://trickedout.net|tricked out|25|General
319063|Poppa...|sir_alf2000@yahoo.com|http://www.angelfire.com/ar3/poppa/Poppa__Home.html|Poppa's Room|25|General
265036|moodswayer|moodswayer@aol.com|http://www.geocities.com/icrossmyheartsong/|I Cross My Heart|25|General
260743|matina.efrosini|vtm-gm@rpmasquerade.com|http://www.rpmasquerade.com/harbor/|Harbor Heights |40|Game Rooms
203658|-II-Dessy-II-|dessy39@hotmail.com|http://www.geocities.com/syndicated_graphix/|Syndicated Graphix|25|Paint Shops
319146|Tiny.Hugs|abby@plains.net|http://members.vpchat.com/just.country/JCPaintShop.html|JC's Paint Shop|40|Paint Shops
202849|nitesde.vine|takara_98@hotmail.com|http://www.lggraphics.net/Temptations/|Temptations|25|Paint Shops
205198|shekiller|sharblain@aol.com|http://www.geocities.com/lellalc/sheKiller.html|forever in love paint shop|40|Paint Shops
200988|computerblues|cccharlie88@hotmail.com|http://www.angelfire.com/fl5/computerblues/|Computerblues Castle|25|General
335349|smoothtalker62|gnc@vci.net|http://www.geocities/mazz_39/castlesinthesky.html|castlesinthesky|25|Paint Shops
323687|Heart1972|darkevil316@aol.com|http://http://www.angelfire.com/in4/heartsplace|Heart's Place Paint And Chat Room|25|Paint Shops
265835|-I-TaBu-I-|tabscards@hotmail.com|http://www.geocities.com/ladytabbie|Tabu's Palace of Designz|40|Paint Shops
329906|x_demure_x|omahkatayo@hotmail.com|http://www.geocities.com/prt331999/OurDomain.html?1014800417880|Master Warrior's Domain|15|D/s (adult)
329584|reality|fantasy_n_reality@hotmail.com|http://devilzdesignz.tripod.com/|Devilz Designz Linkz|25|General
258548|KiKaZZ.GraFX|kikazzgrafx@hotmail.com|http://passionate.topcities.com/|Passionate Paints|40|Paint Shops
267296|-l-_KaTT_-l-|it_s_me_katt@hotmail.com|http://www.angelfire.com/ca3/KattsVpStuff/|Katts Vp Stuff|25|General
265598|Lady_Marites|lady_marites@hotmail.com|http://www.angelfire.com/goth/symbolisms/symbolisms.html|Sym.bolisms|25|Paint Shops
265599|exhales.|callyp@australis.net|http://heartbounces.topcities.com/home.html|-.-.-Heart Bounces-.-.-|25|General
202132|kellie|okkellie@hotmail.com|http://www.marshavicton.net.html||25|
202051|Annie0073|annie_007@hotmail.com|http://www.angelfire.com/games4/vgegammon/index.html|VGE LOL TOURNEY IN HALSOFT|40|Game Rooms
203108|Shyone|grn_eyes60@hotmail.com|http://vcdesigns.vze.com|VirtuallyCreativeDesigns|40|Paint Shops
257021|-..0bs3ssi0N.-|ob_s3ssion@hotmail.com|http://www.geocities.com/obs3ssi0n2003/0bs_Links.html|0bs Links|15|General
206171|M.aster_Gallant|gallant_world2002@yahoo.com|http://skystar104.bravepages.com/SlaveDenPaintPaint.html|Slave Den Paint Shop|25|Paint Shops
203904|-.il_lusional|jerseygirls28@hotmail.com|http://go.to/vpheadquarters|VP Headquarters|25|Paint Shops
201963|suzanne|suzanne_794@yahoo.com|http://www.angelfire.com/games4/suzanne/coffeeandgammon.html|Suzanne's Coffee and Gammon|40|Game Rooms
335352|Alexandra46|ltyler143@msn.com|http://angelfire.com/ct/alex46|Alexandra's D's chat|25|D/s (adult)
200199|Reb--|rebelfeller@hotmail.com|http://rebelfeller.com/reblinks.htm|Reb's many room links|25|General
203827|wolf_2|vzymantas@rogers.com|http://4dw.net/vicwolf/home.html|Wolf's Av's and Gestures|25|General
203666|Lady-bear2|ladybear73@aol.com|http://in4/ladybear7273/LADYSANDPLOWBOYSPAINTSHOP.html|Ladys and PlowBoys PaintShop|25|Paint Shops
203667|_Jalisa_|gjalisa@hotmail.com|http://www.angelfire.com/ar2/Jalisa/JalisaLinks.html|~ Jalisa's Links ~|25|General
265048|JoJo_10|jojo__10@excite.com|http://www.angelfire.com/co3/joannespoetry/links3.html|JOANNE'S LINKS 3|25|General
391473|lllllHunterlllll|t0mmy2020@yahoo.com|http://www.angelfire.com/punk3/tlcboyz/main.html|.....|25|Paint Shops (adult)
263984|goldwoman|goldwoman51@hotmail.com|http://goldwoman.homestead.com/countrygoldpaintshop.html|CountryGoldPaintshop|25|Paint Shops
203110|figmentsmind|figmentsmind@hotmail.com|http://www.av-inc.net|Av Inc|40|Paint Shops
200362|evil|cbruner3@cs.com|http://www.a-b-z.net/|Alternative Background Zone|25|Paint Shops
201335|s.ilk|sexy1307@hotmail.com|http://www.angelfire.com/ks3/angeldoves/index.html|AngelDove's Paintshop|25|Paint Shops
200606|mutt2|mutt2@attbi.com|http://muttshome.homestead.com/music1.html|Mutts Music Room|25|General
202226|Lord-Devon|lorddevon@hotmail.com|http://www.devon-worldwide.com/KOD.html|Kingdom Of Devonshire|25|D/s (adult)
201417|kitkat_98|kitkat003@hotmail.com|http://www.kitspalace.com|KitsPalace|40|Paint Shops
260125|doas|d0as@excite.com|http://www.angelfire.com/ct3/dark_side|ROMANTICAS|25|General
204560|de3ts20|briank@greatlakes.net|http://www.angelfire.com/art2/de3s2/De3'sDesigns.html|De3's Designs|40|Paint Shops
203751|t.rou.ble.|b23e45n@hotmail.com|http://members.vpchat.com/_-Deceit-_/SecretsandDeceitsDesigns.html|Secrets and Deceits Designs|40|Paint Shops
322417|chantessa|zena@cros.net|http://www.geocities.com/tessa_butz/test.html?979679009020|votrt paintshop|25|Paint Shops
204563|-v-_Cas_-v-|sfick@houston.rr.com|http://paint.at/vibrations|v i b r a t i o n s - ß - f e m i n i n e l o g i c|25|Paint Shops
316812|moonlight|karla_k1@yahoo.com|http://www.geocities.com/New_Moon_Productions/index.html|New Moon Productions|40|General
206185|Satinlace|mistywoman007@hotmail.com|http://mistywoman.homestead.com/SatinandTangosPlace.html|Our Lounge|40|General
203917|mystic49|shafazand1@hotmail.com|http://http://www.angelfire.com/games4/relaxgammon/|relaxgammon|40|Game Rooms
202946|-sir_detroit|king_detroit@yahoo.com|http://www.geocities.com/detroitchristian/Detroit.html|Detroit Home Page|25|General
318434|Tigress8_|tigress@nidlink.com|http://www.angelfire.com/on4/soulechos/Magi's_Haven.html|~Welcome To The Maxis Conclave~|25|General
201893|cher|mrh1954@yahoo.com|http://www.geocities.com/cherokee2230/NATIVE_PAINTS.html|Native|25|General
203675|wild.heart|wldheart@optonline.net|http://www.wild-heart.com|Paint161|25|Paint Shops (adult)
201894|middy|midnight@madtel.net|http://www.angelfire.com/co2/connie2/MidnightsAvPainting.html|Midnights Av Painting Gallery|40|Paint Shops
203839|alan|stanpa@shaw.ca|http://www.oceansapartpaintplace.fsnet.co.uk|oceans apart paint shop|25|Paint Shops
205378|Mr_Rider-Midnight|ncbrat27@atomic.net|http://www.homestead.com/heartandsoulpaintshop/HeartandSoulPaintShop.html|Heart and Soul PaintShop|25|Paint Shops
201896|firefly|bosfirefly@aol.com|http://members.vpchat.com/firefly//Dungeon.html|Dungeon|25|D/s (adult)
317547|-k.att...|trina_y@hotmail.com|http://www.angelfire.com/oh5/oohhhhgraphix/oohhh.html|OOHHH Graphix|40|Paint Shops
262387|Light|ledesirsombre@yahoo.com|http://members.vpchat.com/light/|Amore Music Garden|25|General
261498|PrincessBJ.|prncessbj@aol.com|http://members.aol.com/PrncessBJ/Awaiting-in-the-Mist.html||40|General
